This file contains any messages produced by compilers while
running configure, to aid debugging if configure makes a mistake.

It was created by configure, which was
generated by GNU Autoconf 2.69.  Invocation command line was

  $ /Users/chef/Desktop/dstack/target/debug/build/jemalloc-sys-32814286f3e6b700/out/build/configure --disable-cxx --enable-doc=no --enable-shared=no --with-jemalloc-prefix=_rjem_ --with-private-namespace=_rjem_ --host=aarch64-apple-darwin --build=aarch64-apple-darwin --prefix=/Users/chef/Desktop/dstack/target/debug/build/jemalloc-sys-32814286f3e6b700/out

## --------- ##
## Platform. ##
## --------- ##

hostname = boss
uname -m = arm64
uname -r = 25.1.0
uname -s = Darwin
uname -v = Darwin Kernel Version 25.1.0: Mon Oct 20 19:30:01 PDT 2025; root:xnu-12377.41.6~2/RELEASE_ARM64_T6031

/usr/bin/uname -p = arm
/bin/uname -X     = unknown

/bin/arch              = unknown
/usr/bin/arch -k       = unknown
/usr/convex/getsysinfo = unknown
/usr/bin/hostinfo      = Mach kernel version:
	 Darwin Kernel Version 25.1.0: Mon Oct 20 19:30:01 PDT 2025; root:xnu-12377.41.6~2/RELEASE_ARM64_T6031
Kernel configured for up to 16 processors.
16 processors are physically available.
16 processors are logically available.
Processor type: arm64e (ARM64E)
Processors active: 0 1 2 3 4 5 6 7 8 9 10 11 12 13 14 15
Primary memory available: 64.00 gigabytes
Default processor set: 763 tasks, 4164 threads, 16 processors
Load average: 66.69, Mach factor: 0.24
/bin/machine           = unknown
/usr/bin/oslevel       = unknown
/bin/universe          = unknown

PATH: /Users/chef/.opam/default/bin
PATH: /opt/homebrew/sbin
PATH: /opt/homebrew/bin
PATH: /opt/homebrew/opt/go@1.23/bin
PATH: /usr/local/bin
PATH: /System/Cryptexes/App/usr/bin
PATH: /usr/bin
PATH: /bin
PATH: /usr/sbin
PATH: /sbin
PATH: /var/run/com.apple.security.cryptexd/codex.system/bootstrap/usr/local/bin
PATH: /var/run/com.apple.security.cryptexd/codex.system/bootstrap/usr/bin
PATH: /var/run/com.apple.security.cryptexd/codex.system/bootstrap/usr/appleinternal/bin
PATH: /opt/pmk/env/global/bin
PATH: /Library/Apple/usr/bin
PATH: /usr/local/go/bin
PATH: /opt/homebrew/bin
PATH: /opt/homebrew/sbin
PATH: /Users/chef/.opam/default/bin
PATH: /opt/homebrew/opt/go@1.23/bin
PATH: /Users/chef/.cargo/bin
PATH: /Users/chef/.sp1/bin
PATH: /Users/chef/.foundry/bin
PATH: /Users/chef/.sp1/bin
PATH: /Users/chef/.foundry/bin


## ----------- ##
## Core tests. ##
## ----------- ##

configure:2678: checking for xsltproc
configure:2696: found /usr/bin/xsltproc
configure:2709: result: /usr/bin/xsltproc
configure:2753: checking for aarch64-apple-darwin-gcc
configure:2780: result: cc
configure:3049: checking for C compiler version
configure:3058: cc --version >&5
Apple clang version 17.0.0 (clang-1700.3.19.1)
Target: arm64-apple-darwin25.1.0
Thread model: posix
InstalledDir: /Applications/Xcode.app/Contents/Developer/Toolchains/XcodeDefault.xctoolchain/usr/bin
configure:3069: $? = 0
configure:3058: cc -v >&5
Apple clang version 17.0.0 (clang-1700.3.19.1)
Target: arm64-apple-darwin25.1.0
Thread model: posix
InstalledDir: /Applications/Xcode.app/Contents/Developer/Toolchains/XcodeDefault.xctoolchain/usr/bin
configure:3069: $? = 0
configure:3058: cc -V >&5
clang: error: argument to '-V' is missing (expected 1 value)
clang: error: no input files
configure:3069: $? = 1
configure:3058: cc -qversion >&5
clang: error: unknown argument '-qversion'; did you mean '--version'?
clang: error: no input files
configure:3069: $? = 1
configure:3089: checking whether the C compiler works
configure:3111: cc -O0 -ffunction-sections -fdata-sections -fPIC -gdwarf-2 -fno-omit-frame-pointer --target=arm64-apple-macosx -mmacosx-version-min=26.0 -Wall -O0 -ffunction-sections -fdata-sections -fPIC -gdwarf-2 -fno-omit-frame-pointer --target=arm64-apple-macosx -mmacosx-version-min=26.0 -Wall -O0 -ffunction-sections -fdata-sections -fPIC -gdwarf-2 -fno-omit-frame-pointer --target=arm64-apple-macosx -mmacosx-version-min=26.0 -Wall conftest.c  >&5
configure:3115: $? = 0
configure:3163: result: yes
configure:3166: checking for C compiler default output file name
configure:3168: result: a.out
configure:3174: checking for suffix of executables
configure:3181: cc -o conftest -O0 -ffunction-sections -fdata-sections -fPIC -gdwarf-2 -fno-omit-frame-pointer --target=arm64-apple-macosx -mmacosx-version-min=26.0 -Wall -O0 -ffunction-sections -fdata-sections -fPIC -gdwarf-2 -fno-omit-frame-pointer --target=arm64-apple-macosx -mmacosx-version-min=26.0 -Wall -O0 -ffunction-sections -fdata-sections -fPIC -gdwarf-2 -fno-omit-frame-pointer --target=arm64-apple-macosx -mmacosx-version-min=26.0 -Wall conftest.c  >&5
configure:3185: $? = 0
configure:3207: result: 
configure:3229: checking whether we are cross compiling
configure:3237: cc -o conftest -O0 -ffunction-sections -fdata-sections -fPIC -gdwarf-2 -fno-omit-frame-pointer --target=arm64-apple-macosx -mmacosx-version-min=26.0 -Wall -O0 -ffunction-sections -fdata-sections -fPIC -gdwarf-2 -fno-omit-frame-pointer --target=arm64-apple-macosx -mmacosx-version-min=26.0 -Wall -O0 -ffunction-sections -fdata-sections -fPIC -gdwarf-2 -fno-omit-frame-pointer --target=arm64-apple-macosx -mmacosx-version-min=26.0 -Wall conftest.c  >&5
configure:3241: $? = 0
configure:3248: ./conftest
configure:3252: $? = 0
configure:3267: result: no
configure:3272: checking for suffix of object files
configure:3294: cc -c -O0 -ffunction-sections -fdata-sections -fPIC -gdwarf-2 -fno-omit-frame-pointer --target=arm64-apple-macosx -mmacosx-version-min=26.0 -Wall -O0 -ffunction-sections -fdata-sections -fPIC -gdwarf-2 -fno-omit-frame-pointer --target=arm64-apple-macosx -mmacosx-version-min=26.0 -Wall conftest.c >&5
configure:3298: $? = 0
configure:3319: result: o
configure:3323: checking whether we are using the GNU C compiler
configure:3342: cc -c -O0 -ffunction-sections -fdata-sections -fPIC -gdwarf-2 -fno-omit-frame-pointer --target=arm64-apple-macosx -mmacosx-version-min=26.0 -Wall -O0 -ffunction-sections -fdata-sections -fPIC -gdwarf-2 -fno-omit-frame-pointer --target=arm64-apple-macosx -mmacosx-version-min=26.0 -Wall conftest.c >&5
configure:3342: $? = 0
configure:3351: result: yes
configure:3360: checking whether cc accepts -g
configure:3380: cc -c -g -O0 -ffunction-sections -fdata-sections -fPIC -gdwarf-2 -fno-omit-frame-pointer --target=arm64-apple-macosx -mmacosx-version-min=26.0 -Wall conftest.c >&5
configure:3380: $? = 0
configure:3421: result: yes
configure:3438: checking for cc option to accept ISO C89
configure:3501: cc  -c -O0 -ffunction-sections -fdata-sections -fPIC -gdwarf-2 -fno-omit-frame-pointer --target=arm64-apple-macosx -mmacosx-version-min=26.0 -Wall -O0 -ffunction-sections -fdata-sections -fPIC -gdwarf-2 -fno-omit-frame-pointer --target=arm64-apple-macosx -mmacosx-version-min=26.0 -Wall conftest.c >&5
conftest.c:15:14: warning: a function definition without a prototype is deprecated in all versions of C and is not supported in C23 [-Wdeprecated-non-prototype]
   15 | static char *e (p, i)
      |              ^
1 warning generated.
configure:3501: $? = 0
configure:3514: result: none needed
configure:3579: checking whether compiler is cray
configure:3599: cc -c -O0 -ffunction-sections -fdata-sections -fPIC -gdwarf-2 -fno-omit-frame-pointer --target=arm64-apple-macosx -mmacosx-version-min=26.0 -Wall -O0 -ffunction-sections -fdata-sections -fPIC -gdwarf-2 -fno-omit-frame-pointer --target=arm64-apple-macosx -mmacosx-version-min=26.0 -Wall conftest.c >&5
conftest.c:15:11: error: expected ';' at end of declaration
   15 |   int fail-1;
      |           ^
      |           ;
1 error generated.
configure:3599: $? = 1
configure: failed program was:
| /* confdefs.h */
| #define PACKAGE_NAME ""
| #define PACKAGE_TARNAME ""
| #define PACKAGE_VERSION ""
| #define PACKAGE_STRING ""
| #define PACKAGE_BUGREPORT ""
| #define PACKAGE_URL ""
| /* end confdefs.h.  */
| 
| int
| main ()
| {
| 
| #ifndef _CRAYC
|   int fail-1;
| #endif
| 
|   ;
|   return 0;
| }
configure:3606: result: no
configure:3643: checking whether compiler supports -std=gnu11
configure:3674: cc -c -std=gnu11 -O0 -ffunction-sections -fdata-sections -fPIC -gdwarf-2 -fno-omit-frame-pointer --target=arm64-apple-macosx -mmacosx-version-min=26.0 -Wall -O0 -ffunction-sections -fdata-sections -fPIC -gdwarf-2 -fno-omit-frame-pointer --target=arm64-apple-macosx -mmacosx-version-min=26.0 -Wall conftest.c >&5
configure:3674: $? = 0
configure:3676: result: yes
configure:3760: checking whether compiler supports -Werror=unknown-warning-option
configure:3791: cc -c -std=gnu11 -Werror=unknown-warning-option -O0 -ffunction-sections -fdata-sections -fPIC -gdwarf-2 -fno-omit-frame-pointer --target=arm64-apple-macosx -mmacosx-version-min=26.0 -Wall -O0 -ffunction-sections -fdata-sections -fPIC -gdwarf-2 -fno-omit-frame-pointer --target=arm64-apple-macosx -mmacosx-version-min=26.0 -Wall conftest.c >&5
configure:3791: $? = 0
configure:3793: result: yes
configure:3811: checking whether compiler supports -Wall
configure:3842: cc -c -std=gnu11 -Werror=unknown-warning-option -Wall -O0 -ffunction-sections -fdata-sections -fPIC -gdwarf-2 -fno-omit-frame-pointer --target=arm64-apple-macosx -mmacosx-version-min=26.0 -Wall -O0 -ffunction-sections -fdata-sections -fPIC -gdwarf-2 -fno-omit-frame-pointer --target=arm64-apple-macosx -mmacosx-version-min=26.0 -Wall conftest.c >&5
configure:3842: $? = 0
configure:3844: result: yes
configure:3862: checking whether compiler supports -Wextra
configure:3893: cc -c -std=gnu11 -Werror=unknown-warning-option -Wall -Wextra -O0 -ffunction-sections -fdata-sections -fPIC -gdwarf-2 -fno-omit-frame-pointer --target=arm64-apple-macosx -mmacosx-version-min=26.0 -Wall -O0 -ffunction-sections -fdata-sections -fPIC -gdwarf-2 -fno-omit-frame-pointer --target=arm64-apple-macosx -mmacosx-version-min=26.0 -Wall conftest.c >&5
configure:3893: $? = 0
configure:3895: result: yes
configure:3913: checking whether compiler supports -Wshorten-64-to-32
configure:3944: cc -c -std=gnu11 -Werror=unknown-warning-option -Wall -Wextra -Wshorten-64-to-32 -O0 -ffunction-sections -fdata-sections -fPIC -gdwarf-2 -fno-omit-frame-pointer --target=arm64-apple-macosx -mmacosx-version-min=26.0 -Wall -O0 -ffunction-sections -fdata-sections -fPIC -gdwarf-2 -fno-omit-frame-pointer --target=arm64-apple-macosx -mmacosx-version-min=26.0 -Wall conftest.c >&5
configure:3944: $? = 0
configure:3946: result: yes
configure:3964: checking whether compiler supports -Wsign-compare
configure:3995: cc -c -std=gnu11 -Werror=unknown-warning-option -Wall -Wextra -Wshorten-64-to-32 -Wsign-compare -O0 -ffunction-sections -fdata-sections -fPIC -gdwarf-2 -fno-omit-frame-pointer --target=arm64-apple-macosx -mmacosx-version-min=26.0 -Wall -O0 -ffunction-sections -fdata-sections -fPIC -gdwarf-2 -fno-omit-frame-pointer --target=arm64-apple-macosx -mmacosx-version-min=26.0 -Wall conftest.c >&5
configure:3995: $? = 0
configure:3997: result: yes
configure:4015: checking whether compiler supports -Wundef
configure:4046: cc -c -std=gnu11 -Werror=unknown-warning-option -Wall -Wextra -Wshorten-64-to-32 -Wsign-compare -Wundef -O0 -ffunction-sections -fdata-sections -fPIC -gdwarf-2 -fno-omit-frame-pointer --target=arm64-apple-macosx -mmacosx-version-min=26.0 -Wall -O0 -ffunction-sections -fdata-sections -fPIC -gdwarf-2 -fno-omit-frame-pointer --target=arm64-apple-macosx -mmacosx-version-min=26.0 -Wall conftest.c >&5
configure:4046: $? = 0
configure:4048: result: yes
configure:4066: checking whether compiler supports -Wno-format-zero-length
configure:4097: cc -c -std=gnu11 -Werror=unknown-warning-option -Wall -Wextra -Wshorten-64-to-32 -Wsign-compare -Wundef -Wno-format-zero-length -O0 -ffunction-sections -fdata-sections -fPIC -gdwarf-2 -fno-omit-frame-pointer --target=arm64-apple-macosx -mmacosx-version-min=26.0 -Wall -O0 -ffunction-sections -fdata-sections -fPIC -gdwarf-2 -fno-omit-frame-pointer --target=arm64-apple-macosx -mmacosx-version-min=26.0 -Wall conftest.c >&5
configure:4097: $? = 0
configure:4099: result: yes
configure:4117: checking whether compiler supports -Wpointer-arith
configure:4148: cc -c -std=gnu11 -Werror=unknown-warning-option -Wall -Wextra -Wshorten-64-to-32 -Wsign-compare -Wundef -Wno-format-zero-length -Wpointer-arith -O0 -ffunction-sections -fdata-sections -fPIC -gdwarf-2 -fno-omit-frame-pointer --target=arm64-apple-macosx -mmacosx-version-min=26.0 -Wall -O0 -ffunction-sections -fdata-sections -fPIC -gdwarf-2 -fno-omit-frame-pointer --target=arm64-apple-macosx -mmacosx-version-min=26.0 -Wall conftest.c >&5
configure:4148: $? = 0
configure:4150: result: yes
configure:4168: checking whether compiler supports -Wno-missing-braces
configure:4199: cc -c -std=gnu11 -Werror=unknown-warning-option -Wall -Wextra -Wshorten-64-to-32 -Wsign-compare -Wundef -Wno-format-zero-length -Wpointer-arith -Wno-missing-braces -O0 -ffunction-sections -fdata-sections -fPIC -gdwarf-2 -fno-omit-frame-pointer --target=arm64-apple-macosx -mmacosx-version-min=26.0 -Wall -O0 -ffunction-sections -fdata-sections -fPIC -gdwarf-2 -fno-omit-frame-pointer --target=arm64-apple-macosx -mmacosx-version-min=26.0 -Wall conftest.c >&5
configure:4199: $? = 0
configure:4201: result: yes
configure:4219: checking whether compiler supports -Wno-missing-field-initializers
configure:4250: cc -c -std=gnu11 -Werror=unknown-warning-option -Wall -Wextra -Wshorten-64-to-32 -Wsign-compare -Wundef -Wno-format-zero-length -Wpointer-arith -Wno-missing-braces -Wno-missing-field-initializers -O0 -ffunction-sections -fdata-sections -fPIC -gdwarf-2 -fno-omit-frame-pointer --target=arm64-apple-macosx -mmacosx-version-min=26.0 -Wall -O0 -ffunction-sections -fdata-sections -fPIC -gdwarf-2 -fno-omit-frame-pointer --target=arm64-apple-macosx -mmacosx-version-min=26.0 -Wall conftest.c >&5
configure:4250: $? = 0
configure:4252: result: yes
configure:4270: checking whether compiler supports -Wno-missing-attributes
configure:4301: cc -c -std=gnu11 -Werror=unknown-warning-option -Wall -Wextra -Wshorten-64-to-32 -Wsign-compare -Wundef -Wno-format-zero-length -Wpointer-arith -Wno-missing-braces -Wno-missing-field-initializers -Wno-missing-attributes -O0 -ffunction-sections -fdata-sections -fPIC -gdwarf-2 -fno-omit-frame-pointer --target=arm64-apple-macosx -mmacosx-version-min=26.0 -Wall -O0 -ffunction-sections -fdata-sections -fPIC -gdwarf-2 -fno-omit-frame-pointer --target=arm64-apple-macosx -mmacosx-version-min=26.0 -Wall conftest.c >&5
error: unknown warning option '-Wno-missing-attributes' [-Werror,-Wunknown-warning-option]
configure:4301: $? = 1
configure: failed program was:
| /* confdefs.h */
| #define PACKAGE_NAME ""
| #define PACKAGE_TARNAME ""
| #define PACKAGE_VERSION ""
| #define PACKAGE_STRING ""
| #define PACKAGE_BUGREPORT ""
| #define PACKAGE_URL ""
| #define JEMALLOC_HAS_RESTRICT
| /* end confdefs.h.  */
| 
| 
| int
| main ()
| {
| 
|     return 0;
| 
|   ;
|   return 0;
| }
configure:4307: result: no
configure:4321: checking whether compiler supports -pipe
configure:4352: cc -c -std=gnu11 -Werror=unknown-warning-option -Wall -Wextra -Wshorten-64-to-32 -Wsign-compare -Wundef -Wno-format-zero-length -Wpointer-arith -Wno-missing-braces -Wno-missing-field-initializers -pipe -O0 -ffunction-sections -fdata-sections -fPIC -gdwarf-2 -fno-omit-frame-pointer --target=arm64-apple-macosx -mmacosx-version-min=26.0 -Wall -O0 -ffunction-sections -fdata-sections -fPIC -gdwarf-2 -fno-omit-frame-pointer --target=arm64-apple-macosx -mmacosx-version-min=26.0 -Wall conftest.c >&5
configure:4352: $? = 0
configure:4354: result: yes
configure:4372: checking whether compiler supports -g3
configure:4403: cc -c -std=gnu11 -Werror=unknown-warning-option -Wall -Wextra -Wshorten-64-to-32 -Wsign-compare -Wundef -Wno-format-zero-length -Wpointer-arith -Wno-missing-braces -Wno-missing-field-initializers -pipe -g3 -O0 -ffunction-sections -fdata-sections -fPIC -gdwarf-2 -fno-omit-frame-pointer --target=arm64-apple-macosx -mmacosx-version-min=26.0 -Wall -O0 -ffunction-sections -fdata-sections -fPIC -gdwarf-2 -fno-omit-frame-pointer --target=arm64-apple-macosx -mmacosx-version-min=26.0 -Wall conftest.c >&5
configure:4403: $? = 0
configure:4405: result: yes
configure:4853: checking how to run the C preprocessor
configure:4884: cc -E -O0 -ffunction-sections -fdata-sections -fPIC -gdwarf-2 -fno-omit-frame-pointer --target=arm64-apple-macosx -mmacosx-version-min=26.0 -Wall conftest.c
configure:4884: $? = 0
configure:4898: cc -E -O0 -ffunction-sections -fdata-sections -fPIC -gdwarf-2 -fno-omit-frame-pointer --target=arm64-apple-macosx -mmacosx-version-min=26.0 -Wall conftest.c
conftest.c:10:10: fatal error: 'ac_nonexistent.h' file not found
   10 | #include <ac_nonexistent.h>
      |          ^~~~~~~~~~~~~~~~~~
1 error generated.
configure:4898: $? = 1
configure: failed program was:
| /* confdefs.h */
| #define PACKAGE_NAME ""
| #define PACKAGE_TARNAME ""
| #define PACKAGE_VERSION ""
| #define PACKAGE_STRING ""
| #define PACKAGE_BUGREPORT ""
| #define PACKAGE_URL ""
| #define JEMALLOC_HAS_RESTRICT
| /* end confdefs.h.  */
| #include <ac_nonexistent.h>
configure:4923: result: cc -E
configure:4943: cc -E -O0 -ffunction-sections -fdata-sections -fPIC -gdwarf-2 -fno-omit-frame-pointer --target=arm64-apple-macosx -mmacosx-version-min=26.0 -Wall conftest.c
configure:4943: $? = 0
configure:4957: cc -E -O0 -ffunction-sections -fdata-sections -fPIC -gdwarf-2 -fno-omit-frame-pointer --target=arm64-apple-macosx -mmacosx-version-min=26.0 -Wall conftest.c
conftest.c:10:10: fatal error: 'ac_nonexistent.h' file not found
   10 | #include <ac_nonexistent.h>
      |          ^~~~~~~~~~~~~~~~~~
1 error generated.
configure:4957: $? = 1
configure: failed program was:
| /* confdefs.h */
| #define PACKAGE_NAME ""
| #define PACKAGE_TARNAME ""
| #define PACKAGE_VERSION ""
| #define PACKAGE_STRING ""
| #define PACKAGE_BUGREPORT ""
| #define PACKAGE_URL ""
| #define JEMALLOC_HAS_RESTRICT
| /* end confdefs.h.  */
| #include <ac_nonexistent.h>
configure:6919: checking for grep that handles long lines and -e
configure:6977: result: /usr/bin/grep
configure:6982: checking for egrep
configure:7044: result: /usr/bin/grep -E
configure:7049: checking for ANSI C header files
configure:7069: cc -c -std=gnu11 -Werror=unknown-warning-option -Wall -Wextra -Wshorten-64-to-32 -Wsign-compare -Wundef -Wno-format-zero-length -Wpointer-arith -Wno-missing-braces -Wno-missing-field-initializers -pipe -g3 -O0 -ffunction-sections -fdata-sections -fPIC -gdwarf-2 -fno-omit-frame-pointer --target=arm64-apple-macosx -mmacosx-version-min=26.0 -Wall -O0 -ffunction-sections -fdata-sections -fPIC -gdwarf-2 -fno-omit-frame-pointer --target=arm64-apple-macosx -mmacosx-version-min=26.0 -Wall conftest.c >&5
configure:7069: $? = 0
configure:7142: cc -o conftest -std=gnu11 -Werror=unknown-warning-option -Wall -Wextra -Wshorten-64-to-32 -Wsign-compare -Wundef -Wno-format-zero-length -Wpointer-arith -Wno-missing-braces -Wno-missing-field-initializers -pipe -g3 -O0 -ffunction-sections -fdata-sections -fPIC -gdwarf-2 -fno-omit-frame-pointer --target=arm64-apple-macosx -mmacosx-version-min=26.0 -Wall -O0 -ffunction-sections -fdata-sections -fPIC -gdwarf-2 -fno-omit-frame-pointer --target=arm64-apple-macosx -mmacosx-version-min=26.0 -Wall -O0 -ffunction-sections -fdata-sections -fPIC -gdwarf-2 -fno-omit-frame-pointer --target=arm64-apple-macosx -mmacosx-version-min=26.0 -Wall conftest.c  >&5
configure:7142: $? = 0
configure:7142: ./conftest
configure:7142: $? = 0
configure:7153: result: yes
configure:7166: checking for sys/types.h
configure:7166: cc -c -std=gnu11 -Werror=unknown-warning-option -Wall -Wextra -Wshorten-64-to-32 -Wsign-compare -Wundef -Wno-format-zero-length -Wpointer-arith -Wno-missing-braces -Wno-missing-field-initializers -pipe -g3 -O0 -ffunction-sections -fdata-sections -fPIC -gdwarf-2 -fno-omit-frame-pointer --target=arm64-apple-macosx -mmacosx-version-min=26.0 -Wall -O0 -ffunction-sections -fdata-sections -fPIC -gdwarf-2 -fno-omit-frame-pointer --target=arm64-apple-macosx -mmacosx-version-min=26.0 -Wall conftest.c >&5
configure:7166: $? = 0
configure:7166: result: yes
configure:7166: checking for sys/stat.h
configure:7166: cc -c -std=gnu11 -Werror=unknown-warning-option -Wall -Wextra -Wshorten-64-to-32 -Wsign-compare -Wundef -Wno-format-zero-length -Wpointer-arith -Wno-missing-braces -Wno-missing-field-initializers -pipe -g3 -O0 -ffunction-sections -fdata-sections -fPIC -gdwarf-2 -fno-omit-frame-pointer --target=arm64-apple-macosx -mmacosx-version-min=26.0 -Wall -O0 -ffunction-sections -fdata-sections -fPIC -gdwarf-2 -fno-omit-frame-pointer --target=arm64-apple-macosx -mmacosx-version-min=26.0 -Wall conftest.c >&5
configure:7166: $? = 0
configure:7166: result: yes
configure:7166: checking for stdlib.h
configure:7166: cc -c -std=gnu11 -Werror=unknown-warning-option -Wall -Wextra -Wshorten-64-to-32 -Wsign-compare -Wundef -Wno-format-zero-length -Wpointer-arith -Wno-missing-braces -Wno-missing-field-initializers -pipe -g3 -O0 -ffunction-sections -fdata-sections -fPIC -gdwarf-2 -fno-omit-frame-pointer --target=arm64-apple-macosx -mmacosx-version-min=26.0 -Wall -O0 -ffunction-sections -fdata-sections -fPIC -gdwarf-2 -fno-omit-frame-pointer --target=arm64-apple-macosx -mmacosx-version-min=26.0 -Wall conftest.c >&5
configure:7166: $? = 0
configure:7166: result: yes
configure:7166: checking for string.h
configure:7166: cc -c -std=gnu11 -Werror=unknown-warning-option -Wall -Wextra -Wshorten-64-to-32 -Wsign-compare -Wundef -Wno-format-zero-length -Wpointer-arith -Wno-missing-braces -Wno-missing-field-initializers -pipe -g3 -O0 -ffunction-sections -fdata-sections -fPIC -gdwarf-2 -fno-omit-frame-pointer --target=arm64-apple-macosx -mmacosx-version-min=26.0 -Wall -O0 -ffunction-sections -fdata-sections -fPIC -gdwarf-2 -fno-omit-frame-pointer --target=arm64-apple-macosx -mmacosx-version-min=26.0 -Wall conftest.c >&5
configure:7166: $? = 0
configure:7166: result: yes
configure:7166: checking for memory.h
configure:7166: cc -c -std=gnu11 -Werror=unknown-warning-option -Wall -Wextra -Wshorten-64-to-32 -Wsign-compare -Wundef -Wno-format-zero-length -Wpointer-arith -Wno-missing-braces -Wno-missing-field-initializers -pipe -g3 -O0 -ffunction-sections -fdata-sections -fPIC -gdwarf-2 -fno-omit-frame-pointer --target=arm64-apple-macosx -mmacosx-version-min=26.0 -Wall -O0 -ffunction-sections -fdata-sections -fPIC -gdwarf-2 -fno-omit-frame-pointer --target=arm64-apple-macosx -mmacosx-version-min=26.0 -Wall conftest.c >&5
configure:7166: $? = 0
configure:7166: result: yes
configure:7166: checking for strings.h
configure:7166: cc -c -std=gnu11 -Werror=unknown-warning-option -Wall -Wextra -Wshorten-64-to-32 -Wsign-compare -Wundef -Wno-format-zero-length -Wpointer-arith -Wno-missing-braces -Wno-missing-field-initializers -pipe -g3 -O0 -ffunction-sections -fdata-sections -fPIC -gdwarf-2 -fno-omit-frame-pointer --target=arm64-apple-macosx -mmacosx-version-min=26.0 -Wall -O0 -ffunction-sections -fdata-sections -fPIC -gdwarf-2 -fno-omit-frame-pointer --target=arm64-apple-macosx -mmacosx-version-min=26.0 -Wall conftest.c >&5
configure:7166: $? = 0
configure:7166: result: yes
configure:7166: checking for inttypes.h
configure:7166: cc -c -std=gnu11 -Werror=unknown-warning-option -Wall -Wextra -Wshorten-64-to-32 -Wsign-compare -Wundef -Wno-format-zero-length -Wpointer-arith -Wno-missing-braces -Wno-missing-field-initializers -pipe -g3 -O0 -ffunction-sections -fdata-sections -fPIC -gdwarf-2 -fno-omit-frame-pointer --target=arm64-apple-macosx -mmacosx-version-min=26.0 -Wall -O0 -ffunction-sections -fdata-sections -fPIC -gdwarf-2 -fno-omit-frame-pointer --target=arm64-apple-macosx -mmacosx-version-min=26.0 -Wall conftest.c >&5
configure:7166: $? = 0
configure:7166: result: yes
configure:7166: checking for stdint.h
configure:7166: cc -c -std=gnu11 -Werror=unknown-warning-option -Wall -Wextra -Wshorten-64-to-32 -Wsign-compare -Wundef -Wno-format-zero-length -Wpointer-arith -Wno-missing-braces -Wno-missing-field-initializers -pipe -g3 -O0 -ffunction-sections -fdata-sections -fPIC -gdwarf-2 -fno-omit-frame-pointer --target=arm64-apple-macosx -mmacosx-version-min=26.0 -Wall -O0 -ffunction-sections -fdata-sections -fPIC -gdwarf-2 -fno-omit-frame-pointer --target=arm64-apple-macosx -mmacosx-version-min=26.0 -Wall conftest.c >&5
configure:7166: $? = 0
configure:7166: result: yes
configure:7166: checking for unistd.h
configure:7166: cc -c -std=gnu11 -Werror=unknown-warning-option -Wall -Wextra -Wshorten-64-to-32 -Wsign-compare -Wundef -Wno-format-zero-length -Wpointer-arith -Wno-missing-braces -Wno-missing-field-initializers -pipe -g3 -O0 -ffunction-sections -fdata-sections -fPIC -gdwarf-2 -fno-omit-frame-pointer --target=arm64-apple-macosx -mmacosx-version-min=26.0 -Wall -O0 -ffunction-sections -fdata-sections -fPIC -gdwarf-2 -fno-omit-frame-pointer --target=arm64-apple-macosx -mmacosx-version-min=26.0 -Wall conftest.c >&5
configure:7166: $? = 0
configure:7166: result: yes
configure:7178: checking whether byte ordering is bigendian
configure:7193: cc -c -std=gnu11 -Werror=unknown-warning-option -Wall -Wextra -Wshorten-64-to-32 -Wsign-compare -Wundef -Wno-format-zero-length -Wpointer-arith -Wno-missing-braces -Wno-missing-field-initializers -pipe -g3 -O0 -ffunction-sections -fdata-sections -fPIC -gdwarf-2 -fno-omit-frame-pointer --target=arm64-apple-macosx -mmacosx-version-min=26.0 -Wall -O0 -ffunction-sections -fdata-sections -fPIC -gdwarf-2 -fno-omit-frame-pointer --target=arm64-apple-macosx -mmacosx-version-min=26.0 -Wall conftest.c >&5
configure:7193: $? = 0
configure:7238: cc -c -std=gnu11 -Werror=unknown-warning-option -Wall -Wextra -Wshorten-64-to-32 -Wsign-compare -Wundef -Wno-format-zero-length -Wpointer-arith -Wno-missing-braces -Wno-missing-field-initializers -pipe -g3 -O0 -ffunction-sections -fdata-sections -fPIC -gdwarf-2 -fno-omit-frame-pointer --target=arm64-apple-macosx -mmacosx-version-min=26.0 -Wall -O0 -ffunction-sections -fdata-sections -fPIC -gdwarf-2 -fno-omit-frame-pointer --target=arm64-apple-macosx -mmacosx-version-min=26.0 -Wall conftest.c >&5
configure:7238: $? = 0
configure:7256: cc -c -std=gnu11 -Werror=unknown-warning-option -Wall -Wextra -Wshorten-64-to-32 -Wsign-compare -Wundef -Wno-format-zero-length -Wpointer-arith -Wno-missing-braces -Wno-missing-field-initializers -pipe -g3 -O0 -ffunction-sections -fdata-sections -fPIC -gdwarf-2 -fno-omit-frame-pointer --target=arm64-apple-macosx -mmacosx-version-min=26.0 -Wall -O0 -ffunction-sections -fdata-sections -fPIC -gdwarf-2 -fno-omit-frame-pointer --target=arm64-apple-macosx -mmacosx-version-min=26.0 -Wall conftest.c >&5
conftest.c:27:4: error: use of undeclared identifier 'not'
   27 |                  not big endian
      |                  ^
1 error generated.
configure:7256: $? = 1
configure: failed program was:
| /* confdefs.h */
| #define PACKAGE_NAME ""
| #define PACKAGE_TARNAME ""
| #define PACKAGE_VERSION ""
| #define PACKAGE_STRING ""
| #define PACKAGE_BUGREPORT ""
| #define PACKAGE_URL ""
| #define JEMALLOC_HAS_RESTRICT
| #define STDC_HEADERS 1
| #define HAVE_SYS_TYPES_H 1
| #define HAVE_SYS_STAT_H 1
| #define HAVE_STDLIB_H 1
| #define HAVE_STRING_H 1
| #define HAVE_MEMORY_H 1
| #define HAVE_STRINGS_H 1
| #define HAVE_INTTYPES_H 1
| #define HAVE_STDINT_H 1
| #define HAVE_UNISTD_H 1
| /* end confdefs.h.  */
| #include <sys/types.h>
| 		#include <sys/param.h>
| 
| int
| main ()
| {
| #if BYTE_ORDER != BIG_ENDIAN
| 		 not big endian
| 		#endif
| 
|   ;
|   return 0;
| }
configure:7384: result: no
configure:7429: checking size of void *
configure:7434: cc -o conftest -std=gnu11 -Werror=unknown-warning-option -Wall -Wextra -Wshorten-64-to-32 -Wsign-compare -Wundef -Wno-format-zero-length -Wpointer-arith -Wno-missing-braces -Wno-missing-field-initializers -pipe -g3 -O0 -ffunction-sections -fdata-sections -fPIC -gdwarf-2 -fno-omit-frame-pointer --target=arm64-apple-macosx -mmacosx-version-min=26.0 -Wall -O0 -ffunction-sections -fdata-sections -fPIC -gdwarf-2 -fno-omit-frame-pointer --target=arm64-apple-macosx -mmacosx-version-min=26.0 -Wall -O0 -ffunction-sections -fdata-sections -fPIC -gdwarf-2 -fno-omit-frame-pointer --target=arm64-apple-macosx -mmacosx-version-min=26.0 -Wall conftest.c  >&5
configure:7434: $? = 0
configure:7434: ./conftest
configure:7434: $? = 0
configure:7448: result: 8
configure:7476: checking size of int
configure:7481: cc -o conftest -std=gnu11 -Werror=unknown-warning-option -Wall -Wextra -Wshorten-64-to-32 -Wsign-compare -Wundef -Wno-format-zero-length -Wpointer-arith -Wno-missing-braces -Wno-missing-field-initializers -pipe -g3 -O0 -ffunction-sections -fdata-sections -fPIC -gdwarf-2 -fno-omit-frame-pointer --target=arm64-apple-macosx -mmacosx-version-min=26.0 -Wall -O0 -ffunction-sections -fdata-sections -fPIC -gdwarf-2 -fno-omit-frame-pointer --target=arm64-apple-macosx -mmacosx-version-min=26.0 -Wall -O0 -ffunction-sections -fdata-sections -fPIC -gdwarf-2 -fno-omit-frame-pointer --target=arm64-apple-macosx -mmacosx-version-min=26.0 -Wall conftest.c  >&5
configure:7481: $? = 0
configure:7481: ./conftest
configure:7481: $? = 0
configure:7495: result: 4
configure:7522: checking size of long
configure:7527: cc -o conftest -std=gnu11 -Werror=unknown-warning-option -Wall -Wextra -Wshorten-64-to-32 -Wsign-compare -Wundef -Wno-format-zero-length -Wpointer-arith -Wno-missing-braces -Wno-missing-field-initializers -pipe -g3 -O0 -ffunction-sections -fdata-sections -fPIC -gdwarf-2 -fno-omit-frame-pointer --target=arm64-apple-macosx -mmacosx-version-min=26.0 -Wall -O0 -ffunction-sections -fdata-sections -fPIC -gdwarf-2 -fno-omit-frame-pointer --target=arm64-apple-macosx -mmacosx-version-min=26.0 -Wall -O0 -ffunction-sections -fdata-sections -fPIC -gdwarf-2 -fno-omit-frame-pointer --target=arm64-apple-macosx -mmacosx-version-min=26.0 -Wall conftest.c  >&5
configure:7527: $? = 0
configure:7527: ./conftest
configure:7527: $? = 0
configure:7541: result: 8
configure:7568: checking size of long long
configure:7573: cc -o conftest -std=gnu11 -Werror=unknown-warning-option -Wall -Wextra -Wshorten-64-to-32 -Wsign-compare -Wundef -Wno-format-zero-length -Wpointer-arith -Wno-missing-braces -Wno-missing-field-initializers -pipe -g3 -O0 -ffunction-sections -fdata-sections -fPIC -gdwarf-2 -fno-omit-frame-pointer --target=arm64-apple-macosx -mmacosx-version-min=26.0 -Wall -O0 -ffunction-sections -fdata-sections -fPIC -gdwarf-2 -fno-omit-frame-pointer --target=arm64-apple-macosx -mmacosx-version-min=26.0 -Wall -O0 -ffunction-sections -fdata-sections -fPIC -gdwarf-2 -fno-omit-frame-pointer --target=arm64-apple-macosx -mmacosx-version-min=26.0 -Wall conftest.c  >&5
configure:7573: $? = 0
configure:7573: ./conftest
configure:7573: $? = 0
configure:7587: result: 8
configure:7614: checking size of intmax_t
configure:7619: cc -o conftest -std=gnu11 -Werror=unknown-warning-option -Wall -Wextra -Wshorten-64-to-32 -Wsign-compare -Wundef -Wno-format-zero-length -Wpointer-arith -Wno-missing-braces -Wno-missing-field-initializers -pipe -g3 -O0 -ffunction-sections -fdata-sections -fPIC -gdwarf-2 -fno-omit-frame-pointer --target=arm64-apple-macosx -mmacosx-version-min=26.0 -Wall -O0 -ffunction-sections -fdata-sections -fPIC -gdwarf-2 -fno-omit-frame-pointer --target=arm64-apple-macosx -mmacosx-version-min=26.0 -Wall -O0 -ffunction-sections -fdata-sections -fPIC -gdwarf-2 -fno-omit-frame-pointer --target=arm64-apple-macosx -mmacosx-version-min=26.0 -Wall conftest.c  >&5
configure:7619: $? = 0
configure:7619: ./conftest
configure:7619: $? = 0
configure:7633: result: 8
configure:7662: checking build system type
configure:7676: result: aarch64-apple-darwin
configure:7696: checking host system type
configure:7709: result: aarch64-apple-darwin
configure:7815: checking whether isb instruction is compilable
configure:7831: cc -o conftest -std=gnu11 -Werror=unknown-warning-option -Wall -Wextra -Wshorten-64-to-32 -Wsign-compare -Wundef -Wno-format-zero-length -Wpointer-arith -Wno-missing-braces -Wno-missing-field-initializers -pipe -g3 -O0 -ffunction-sections -fdata-sections -fPIC -gdwarf-2 -fno-omit-frame-pointer --target=arm64-apple-macosx -mmacosx-version-min=26.0 -Wall -O0 -ffunction-sections -fdata-sections -fPIC -gdwarf-2 -fno-omit-frame-pointer --target=arm64-apple-macosx -mmacosx-version-min=26.0 -Wall -O0 -ffunction-sections -fdata-sections -fPIC -gdwarf-2 -fno-omit-frame-pointer --target=arm64-apple-macosx -mmacosx-version-min=26.0 -Wall conftest.c  >&5
configure:7831: $? = 0
configure:7839: result: yes
configure:7875: checking number of significant virtual address bits
configure:7884: result: 48
configure:8025: checking for aarch64-apple-darwin-ar
configure:8055: result: no
configure:8065: checking for ar
configure:8081: found /usr/bin/ar
configure:8092: result: ar
configure:8121: checking for aarch64-apple-darwin-nm
configure:8151: result: no
configure:8161: checking for nm
configure:8177: found /usr/bin/nm
configure:8188: result: nm
configure:8215: checking for gawk
configure:8231: found /opt/homebrew/bin/gawk
configure:8242: result: gawk
configure:8550: checking malloc.h usability
configure:8550: cc -c -std=gnu11 -Werror=unknown-warning-option -Wall -Wextra -Wshorten-64-to-32 -Wsign-compare -Wundef -Wno-format-zero-length -Wpointer-arith -Wno-missing-braces -Wno-missing-field-initializers -pipe -g3 -O0 -ffunction-sections -fdata-sections -fPIC -gdwarf-2 -fno-omit-frame-pointer --target=arm64-apple-macosx -mmacosx-version-min=26.0 -Wall -O0 -ffunction-sections -fdata-sections -fPIC -gdwarf-2 -fno-omit-frame-pointer --target=arm64-apple-macosx -mmacosx-version-min=26.0 -Wall conftest.c >&5
conftest.c:66:10: fatal error: 'malloc.h' file not found
   66 | #include <malloc.h>
      |          ^~~~~~~~~~
1 error generated.
configure:8550: $? = 1
configure: failed program was:
| /* confdefs.h */
| #define PACKAGE_NAME ""
| #define PACKAGE_TARNAME ""
| #define PACKAGE_VERSION ""
| #define PACKAGE_STRING ""
| #define PACKAGE_BUGREPORT ""
| #define PACKAGE_URL ""
| #define JEMALLOC_HAS_RESTRICT
| #define STDC_HEADERS 1
| #define HAVE_SYS_TYPES_H 1
| #define HAVE_SYS_STAT_H 1
| #define HAVE_STDLIB_H 1
| #define HAVE_STRING_H 1
| #define HAVE_MEMORY_H 1
| #define HAVE_STRINGS_H 1
| #define HAVE_INTTYPES_H 1
| #define HAVE_STDINT_H 1
| #define HAVE_UNISTD_H 1
| #define SIZEOF_VOID_P 8
| #define LG_SIZEOF_PTR 3
| #define SIZEOF_INT 4
| #define LG_SIZEOF_INT 2
| #define SIZEOF_LONG 8
| #define LG_SIZEOF_LONG 3
| #define SIZEOF_LONG_LONG 8
| #define LG_SIZEOF_LONG_LONG 3
| #define SIZEOF_INTMAX_T 8
| #define LG_SIZEOF_INTMAX_T 3
| #define HAVE_CPU_SPINWAIT 1
| #define CPU_SPINWAIT __asm__ volatile("isb")
| #define LG_VADDR 48
| /* end confdefs.h.  */
| #include <stdio.h>
| #ifdef HAVE_SYS_TYPES_H
| # include <sys/types.h>
| #endif
| #ifdef HAVE_SYS_STAT_H
| # include <sys/stat.h>
| #endif
| #ifdef STDC_HEADERS
| # include <stdlib.h>
| # include <stddef.h>
| #else
| # ifdef HAVE_STDLIB_H
| #  include <stdlib.h>
| # endif
| #endif
| #ifdef HAVE_STRING_H
| # if !defined STDC_HEADERS && defined HAVE_MEMORY_H
| #  include <memory.h>
| # endif
| # include <string.h>
| #endif
| #ifdef HAVE_STRINGS_H
| # include <strings.h>
| #endif
| #ifdef HAVE_INTTYPES_H
| # include <inttypes.h>
| #endif
| #ifdef HAVE_STDINT_H
| # include <stdint.h>
| #endif
| #ifdef HAVE_UNISTD_H
| # include <unistd.h>
| #endif
| #include <malloc.h>
configure:8550: result: no
configure:8550: checking malloc.h presence
configure:8550: cc -E -O0 -ffunction-sections -fdata-sections -fPIC -gdwarf-2 -fno-omit-frame-pointer --target=arm64-apple-macosx -mmacosx-version-min=26.0 -Wall conftest.c
conftest.c:33:10: fatal error: 'malloc.h' file not found
   33 | #include <malloc.h>
      |          ^~~~~~~~~~
1 error generated.
configure:8550: $? = 1
configure: failed program was:
| /* confdefs.h */
| #define PACKAGE_NAME ""
| #define PACKAGE_TARNAME ""
| #define PACKAGE_VERSION ""
| #define PACKAGE_STRING ""
| #define PACKAGE_BUGREPORT ""
| #define PACKAGE_URL ""
| #define JEMALLOC_HAS_RESTRICT
| #define STDC_HEADERS 1
| #define HAVE_SYS_TYPES_H 1
| #define HAVE_SYS_STAT_H 1
| #define HAVE_STDLIB_H 1
| #define HAVE_STRING_H 1
| #define HAVE_MEMORY_H 1
| #define HAVE_STRINGS_H 1
| #define HAVE_INTTYPES_H 1
| #define HAVE_STDINT_H 1
| #define HAVE_UNISTD_H 1
| #define SIZEOF_VOID_P 8
| #define LG_SIZEOF_PTR 3
| #define SIZEOF_INT 4
| #define LG_SIZEOF_INT 2
| #define SIZEOF_LONG 8
| #define LG_SIZEOF_LONG 3
| #define SIZEOF_LONG_LONG 8
| #define LG_SIZEOF_LONG_LONG 3
| #define SIZEOF_INTMAX_T 8
| #define LG_SIZEOF_INTMAX_T 3
| #define HAVE_CPU_SPINWAIT 1
| #define CPU_SPINWAIT __asm__ volatile("isb")
| #define LG_VADDR 48
| /* end confdefs.h.  */
| #include <malloc.h>
configure:8550: result: no
configure:8550: checking for malloc.h
configure:8550: result: no
configure:8618: checking for library containing log
configure:8649: cc -o conftest -std=gnu11 -Werror=unknown-warning-option -Wall -Wextra -Wshorten-64-to-32 -Wsign-compare -Wundef -Wno-format-zero-length -Wpointer-arith -Wno-missing-braces -Wno-missing-field-initializers -pipe -g3 -O0 -ffunction-sections -fdata-sections -fPIC -gdwarf-2 -fno-omit-frame-pointer --target=arm64-apple-macosx -mmacosx-version-min=26.0 -Wall -O0 -ffunction-sections -fdata-sections -fPIC -gdwarf-2 -fno-omit-frame-pointer --target=arm64-apple-macosx -mmacosx-version-min=26.0 -Wall -O0 -ffunction-sections -fdata-sections -fPIC -gdwarf-2 -fno-omit-frame-pointer --target=arm64-apple-macosx -mmacosx-version-min=26.0 -Wall conftest.c  >&5
conftest.c:41:6: warning: incompatible redeclaration of library function 'log' [-Wincompatible-library-redeclaration]
   41 | char log ();
      |      ^
conftest.c:41:6: note: 'log' is a builtin with type 'double (double)'
1 warning generated.
configure:8649: $? = 0
configure:8666: result: none required
configure:8684: checking whether __attribute__ syntax is compilable
configure:8700: cc -o conftest -std=gnu11 -Werror=unknown-warning-option -Wall -Wextra -Wshorten-64-to-32 -Wsign-compare -Wundef -Wno-format-zero-length -Wpointer-arith -Wno-missing-braces -Wno-missing-field-initializers -pipe -g3 -O0 -ffunction-sections -fdata-sections -fPIC -gdwarf-2 -fno-omit-frame-pointer --target=arm64-apple-macosx -mmacosx-version-min=26.0 -Wall -O0 -ffunction-sections -fdata-sections -fPIC -gdwarf-2 -fno-omit-frame-pointer --target=arm64-apple-macosx -mmacosx-version-min=26.0 -Wall -O0 -ffunction-sections -fdata-sections -fPIC -gdwarf-2 -fno-omit-frame-pointer --target=arm64-apple-macosx -mmacosx-version-min=26.0 -Wall conftest.c  >&5
configure:8700: $? = 0
configure:8708: result: yes
configure:8835: checking whether compiler supports -Werror
configure:8866: cc -c -std=gnu11 -Werror=unknown-warning-option -Wall -Wextra -Wshorten-64-to-32 -Wsign-compare -Wundef -Wno-format-zero-length -Wpointer-arith -Wno-missing-braces -Wno-missing-field-initializers -pipe -g3 -Werror -O0 -ffunction-sections -fdata-sections -fPIC -gdwarf-2 -fno-omit-frame-pointer --target=arm64-apple-macosx -mmacosx-version-min=26.0 -Wall -O0 -ffunction-sections -fdata-sections -fPIC -gdwarf-2 -fno-omit-frame-pointer --target=arm64-apple-macosx -mmacosx-version-min=26.0 -Wall conftest.c >&5
configure:8866: $? = 0
configure:8868: result: yes
configure:8886: checking whether compiler supports -herror_on_warning
configure:8917: cc -c -std=gnu11 -Werror=unknown-warning-option -Wall -Wextra -Wshorten-64-to-32 -Wsign-compare -Wundef -Wno-format-zero-length -Wpointer-arith -Wno-missing-braces -Wno-missing-field-initializers -pipe -g3 -Werror -herror_on_warning -O0 -ffunction-sections -fdata-sections -fPIC -gdwarf-2 -fno-omit-frame-pointer --target=arm64-apple-macosx -mmacosx-version-min=26.0 -Wall -O0 -ffunction-sections -fdata-sections -fPIC -gdwarf-2 -fno-omit-frame-pointer --target=arm64-apple-macosx -mmacosx-version-min=26.0 -Wall conftest.c >&5
clang: error: unknown argument: '-herror_on_warning'
configure:8917: $? = 1
configure: failed program was:
| /* confdefs.h */
| #define PACKAGE_NAME ""
| #define PACKAGE_TARNAME ""
| #define PACKAGE_VERSION ""
| #define PACKAGE_STRING ""
| #define PACKAGE_BUGREPORT ""
| #define PACKAGE_URL ""
| #define JEMALLOC_HAS_RESTRICT
| #define STDC_HEADERS 1
| #define HAVE_SYS_TYPES_H 1
| #define HAVE_SYS_STAT_H 1
| #define HAVE_STDLIB_H 1
| #define HAVE_STRING_H 1
| #define HAVE_MEMORY_H 1
| #define HAVE_STRINGS_H 1
| #define HAVE_INTTYPES_H 1
| #define HAVE_STDINT_H 1
| #define HAVE_UNISTD_H 1
| #define SIZEOF_VOID_P 8
| #define LG_SIZEOF_PTR 3
| #define SIZEOF_INT 4
| #define LG_SIZEOF_INT 2
| #define SIZEOF_LONG 8
| #define LG_SIZEOF_LONG 3
| #define SIZEOF_LONG_LONG 8
| #define LG_SIZEOF_LONG_LONG 3
| #define SIZEOF_INTMAX_T 8
| #define LG_SIZEOF_INTMAX_T 3
| #define HAVE_CPU_SPINWAIT 1
| #define CPU_SPINWAIT __asm__ volatile("isb")
| #define LG_VADDR 48
| #define JEMALLOC_USABLE_SIZE_CONST const
| #define JEMALLOC_HAVE_ATTR  
| /* end confdefs.h.  */
| 
| 
| int
| main ()
| {
| 
|     return 0;
| 
|   ;
|   return 0;
| }
configure:8923: result: no
configure:8937: checking whether tls_model attribute is compilable
configure:8955: cc -o conftest -std=gnu11 -Werror=unknown-warning-option -Wall -Wextra -Wshorten-64-to-32 -Wsign-compare -Wundef -Wno-format-zero-length -Wpointer-arith -Wno-missing-braces -Wno-missing-field-initializers -pipe -g3 -Werror -O0 -ffunction-sections -fdata-sections -fPIC -gdwarf-2 -fno-omit-frame-pointer --target=arm64-apple-macosx -mmacosx-version-min=26.0 -Wall -O0 -ffunction-sections -fdata-sections -fPIC -gdwarf-2 -fno-omit-frame-pointer --target=arm64-apple-macosx -mmacosx-version-min=26.0 -Wall -O0 -ffunction-sections -fdata-sections -fPIC -gdwarf-2 -fno-omit-frame-pointer --target=arm64-apple-macosx -mmacosx-version-min=26.0 -Wall conftest.c  >&5
configure:8955: $? = 0
configure:8963: result: yes
configure:8978: checking whether compiler supports -Werror
configure:9009: cc -c -std=gnu11 -Werror=unknown-warning-option -Wall -Wextra -Wshorten-64-to-32 -Wsign-compare -Wundef -Wno-format-zero-length -Wpointer-arith -Wno-missing-braces -Wno-missing-field-initializers -pipe -g3 -Werror -O0 -ffunction-sections -fdata-sections -fPIC -gdwarf-2 -fno-omit-frame-pointer --target=arm64-apple-macosx -mmacosx-version-min=26.0 -Wall -O0 -ffunction-sections -fdata-sections -fPIC -gdwarf-2 -fno-omit-frame-pointer --target=arm64-apple-macosx -mmacosx-version-min=26.0 -Wall conftest.c >&5
configure:9009: $? = 0
configure:9011: result: yes
configure:9029: checking whether compiler supports -herror_on_warning
configure:9060: cc -c -std=gnu11 -Werror=unknown-warning-option -Wall -Wextra -Wshorten-64-to-32 -Wsign-compare -Wundef -Wno-format-zero-length -Wpointer-arith -Wno-missing-braces -Wno-missing-field-initializers -pipe -g3 -Werror -herror_on_warning -O0 -ffunction-sections -fdata-sections -fPIC -gdwarf-2 -fno-omit-frame-pointer --target=arm64-apple-macosx -mmacosx-version-min=26.0 -Wall -O0 -ffunction-sections -fdata-sections -fPIC -gdwarf-2 -fno-omit-frame-pointer --target=arm64-apple-macosx -mmacosx-version-min=26.0 -Wall conftest.c >&5
clang: error: unknown argument: '-herror_on_warning'
configure:9060: $? = 1
configure: failed program was:
| /* confdefs.h */
| #define PACKAGE_NAME ""
| #define PACKAGE_TARNAME ""
| #define PACKAGE_VERSION ""
| #define PACKAGE_STRING ""
| #define PACKAGE_BUGREPORT ""
| #define PACKAGE_URL ""
| #define JEMALLOC_HAS_RESTRICT
| #define STDC_HEADERS 1
| #define HAVE_SYS_TYPES_H 1
| #define HAVE_SYS_STAT_H 1
| #define HAVE_STDLIB_H 1
| #define HAVE_STRING_H 1
| #define HAVE_MEMORY_H 1
| #define HAVE_STRINGS_H 1
| #define HAVE_INTTYPES_H 1
| #define HAVE_STDINT_H 1
| #define HAVE_UNISTD_H 1
| #define SIZEOF_VOID_P 8
| #define LG_SIZEOF_PTR 3
| #define SIZEOF_INT 4
| #define LG_SIZEOF_INT 2
| #define SIZEOF_LONG 8
| #define LG_SIZEOF_LONG 3
| #define SIZEOF_LONG_LONG 8
| #define LG_SIZEOF_LONG_LONG 3
| #define SIZEOF_INTMAX_T 8
| #define LG_SIZEOF_INTMAX_T 3
| #define HAVE_CPU_SPINWAIT 1
| #define CPU_SPINWAIT __asm__ volatile("isb")
| #define LG_VADDR 48
| #define JEMALLOC_USABLE_SIZE_CONST const
| #define JEMALLOC_HAVE_ATTR  
| /* end confdefs.h.  */
| 
| 
| int
| main ()
| {
| 
|     return 0;
| 
|   ;
|   return 0;
| }
configure:9066: result: no
configure:9080: checking whether alloc_size attribute is compilable
configure:9096: cc -o conftest -std=gnu11 -Werror=unknown-warning-option -Wall -Wextra -Wshorten-64-to-32 -Wsign-compare -Wundef -Wno-format-zero-length -Wpointer-arith -Wno-missing-braces -Wno-missing-field-initializers -pipe -g3 -Werror -O0 -ffunction-sections -fdata-sections -fPIC -gdwarf-2 -fno-omit-frame-pointer --target=arm64-apple-macosx -mmacosx-version-min=26.0 -Wall -O0 -ffunction-sections -fdata-sections -fPIC -gdwarf-2 -fno-omit-frame-pointer --target=arm64-apple-macosx -mmacosx-version-min=26.0 -Wall -O0 -ffunction-sections -fdata-sections -fPIC -gdwarf-2 -fno-omit-frame-pointer --target=arm64-apple-macosx -mmacosx-version-min=26.0 -Wall conftest.c  >&5
configure:9096: $? = 0
configure:9104: result: yes
configure:9123: checking whether compiler supports -Werror
configure:9154: cc -c -std=gnu11 -Werror=unknown-warning-option -Wall -Wextra -Wshorten-64-to-32 -Wsign-compare -Wundef -Wno-format-zero-length -Wpointer-arith -Wno-missing-braces -Wno-missing-field-initializers -pipe -g3 -Werror -O0 -ffunction-sections -fdata-sections -fPIC -gdwarf-2 -fno-omit-frame-pointer --target=arm64-apple-macosx -mmacosx-version-min=26.0 -Wall -O0 -ffunction-sections -fdata-sections -fPIC -gdwarf-2 -fno-omit-frame-pointer --target=arm64-apple-macosx -mmacosx-version-min=26.0 -Wall conftest.c >&5
configure:9154: $? = 0
configure:9156: result: yes
configure:9174: checking whether compiler supports -herror_on_warning
configure:9205: cc -c -std=gnu11 -Werror=unknown-warning-option -Wall -Wextra -Wshorten-64-to-32 -Wsign-compare -Wundef -Wno-format-zero-length -Wpointer-arith -Wno-missing-braces -Wno-missing-field-initializers -pipe -g3 -Werror -herror_on_warning -O0 -ffunction-sections -fdata-sections -fPIC -gdwarf-2 -fno-omit-frame-pointer --target=arm64-apple-macosx -mmacosx-version-min=26.0 -Wall -O0 -ffunction-sections -fdata-sections -fPIC -gdwarf-2 -fno-omit-frame-pointer --target=arm64-apple-macosx -mmacosx-version-min=26.0 -Wall conftest.c >&5
clang: error: unknown argument: '-herror_on_warning'
configure:9205: $? = 1
configure: failed program was:
| /* confdefs.h */
| #define PACKAGE_NAME ""
| #define PACKAGE_TARNAME ""
| #define PACKAGE_VERSION ""
| #define PACKAGE_STRING ""
| #define PACKAGE_BUGREPORT ""
| #define PACKAGE_URL ""
| #define JEMALLOC_HAS_RESTRICT
| #define STDC_HEADERS 1
| #define HAVE_SYS_TYPES_H 1
| #define HAVE_SYS_STAT_H 1
| #define HAVE_STDLIB_H 1
| #define HAVE_STRING_H 1
| #define HAVE_MEMORY_H 1
| #define HAVE_STRINGS_H 1
| #define HAVE_INTTYPES_H 1
| #define HAVE_STDINT_H 1
| #define HAVE_UNISTD_H 1
| #define SIZEOF_VOID_P 8
| #define LG_SIZEOF_PTR 3
| #define SIZEOF_INT 4
| #define LG_SIZEOF_INT 2
| #define SIZEOF_LONG 8
| #define LG_SIZEOF_LONG 3
| #define SIZEOF_LONG_LONG 8
| #define LG_SIZEOF_LONG_LONG 3
| #define SIZEOF_INTMAX_T 8
| #define LG_SIZEOF_INTMAX_T 3
| #define HAVE_CPU_SPINWAIT 1
| #define CPU_SPINWAIT __asm__ volatile("isb")
| #define LG_VADDR 48
| #define JEMALLOC_USABLE_SIZE_CONST const
| #define JEMALLOC_HAVE_ATTR  
| #define JEMALLOC_HAVE_ATTR_ALLOC_SIZE  
| /* end confdefs.h.  */
| 
| 
| int
| main ()
| {
| 
|     return 0;
| 
|   ;
|   return 0;
| }
configure:9211: result: no
configure:9225: checking whether format(gnu_printf, ...) attribute is compilable
configure:9241: cc -o conftest -std=gnu11 -Werror=unknown-warning-option -Wall -Wextra -Wshorten-64-to-32 -Wsign-compare -Wundef -Wno-format-zero-length -Wpointer-arith -Wno-missing-braces -Wno-missing-field-initializers -pipe -g3 -Werror -O0 -ffunction-sections -fdata-sections -fPIC -gdwarf-2 -fno-omit-frame-pointer --target=arm64-apple-macosx -mmacosx-version-min=26.0 -Wall -O0 -ffunction-sections -fdata-sections -fPIC -gdwarf-2 -fno-omit-frame-pointer --target=arm64-apple-macosx -mmacosx-version-min=26.0 -Wall -O0 -ffunction-sections -fdata-sections -fPIC -gdwarf-2 -fno-omit-frame-pointer --target=arm64-apple-macosx -mmacosx-version-min=26.0 -Wall conftest.c  >&5
conftest.c:40:51: error: 'format' attribute argument not supported: gnu_printf [-Werror,-Wignored-attributes]
   40 | void *foo(const char *format, ...) __attribute__((format(gnu_printf, 1, 2)));
      |                                                   ^
1 error generated.
configure:9241: $? = 1
configure: failed program was:
| /* confdefs.h */
| #define PACKAGE_NAME ""
| #define PACKAGE_TARNAME ""
| #define PACKAGE_VERSION ""
| #define PACKAGE_STRING ""
| #define PACKAGE_BUGREPORT ""
| #define PACKAGE_URL ""
| #define JEMALLOC_HAS_RESTRICT
| #define STDC_HEADERS 1
| #define HAVE_SYS_TYPES_H 1
| #define HAVE_SYS_STAT_H 1
| #define HAVE_STDLIB_H 1
| #define HAVE_STRING_H 1
| #define HAVE_MEMORY_H 1
| #define HAVE_STRINGS_H 1
| #define HAVE_INTTYPES_H 1
| #define HAVE_STDINT_H 1
| #define HAVE_UNISTD_H 1
| #define SIZEOF_VOID_P 8
| #define LG_SIZEOF_PTR 3
| #define SIZEOF_INT 4
| #define LG_SIZEOF_INT 2
| #define SIZEOF_LONG 8
| #define LG_SIZEOF_LONG 3
| #define SIZEOF_LONG_LONG 8
| #define LG_SIZEOF_LONG_LONG 3
| #define SIZEOF_INTMAX_T 8
| #define LG_SIZEOF_INTMAX_T 3
| #define HAVE_CPU_SPINWAIT 1
| #define CPU_SPINWAIT __asm__ volatile("isb")
| #define LG_VADDR 48
| #define JEMALLOC_USABLE_SIZE_CONST const
| #define JEMALLOC_HAVE_ATTR  
| #define JEMALLOC_HAVE_ATTR_ALLOC_SIZE  
| /* end confdefs.h.  */
| #include <stdlib.h>
| int
| main ()
| {
| void *foo(const char *format, ...) __attribute__((format(gnu_printf, 1, 2)));
|   ;
|   return 0;
| }
configure:9249: result: no
configure:9268: checking whether compiler supports -Werror
configure:9299: cc -c -std=gnu11 -Werror=unknown-warning-option -Wall -Wextra -Wshorten-64-to-32 -Wsign-compare -Wundef -Wno-format-zero-length -Wpointer-arith -Wno-missing-braces -Wno-missing-field-initializers -pipe -g3 -Werror -O0 -ffunction-sections -fdata-sections -fPIC -gdwarf-2 -fno-omit-frame-pointer --target=arm64-apple-macosx -mmacosx-version-min=26.0 -Wall -O0 -ffunction-sections -fdata-sections -fPIC -gdwarf-2 -fno-omit-frame-pointer --target=arm64-apple-macosx -mmacosx-version-min=26.0 -Wall conftest.c >&5
configure:9299: $? = 0
configure:9301: result: yes
configure:9319: checking whether compiler supports -herror_on_warning
configure:9350: cc -c -std=gnu11 -Werror=unknown-warning-option -Wall -Wextra -Wshorten-64-to-32 -Wsign-compare -Wundef -Wno-format-zero-length -Wpointer-arith -Wno-missing-braces -Wno-missing-field-initializers -pipe -g3 -Werror -herror_on_warning -O0 -ffunction-sections -fdata-sections -fPIC -gdwarf-2 -fno-omit-frame-pointer --target=arm64-apple-macosx -mmacosx-version-min=26.0 -Wall -O0 -ffunction-sections -fdata-sections -fPIC -gdwarf-2 -fno-omit-frame-pointer --target=arm64-apple-macosx -mmacosx-version-min=26.0 -Wall conftest.c >&5
clang: error: unknown argument: '-herror_on_warning'
configure:9350: $? = 1
configure: failed program was:
| /* confdefs.h */
| #define PACKAGE_NAME ""
| #define PACKAGE_TARNAME ""
| #define PACKAGE_VERSION ""
| #define PACKAGE_STRING ""
| #define PACKAGE_BUGREPORT ""
| #define PACKAGE_URL ""
| #define JEMALLOC_HAS_RESTRICT
| #define STDC_HEADERS 1
| #define HAVE_SYS_TYPES_H 1
| #define HAVE_SYS_STAT_H 1
| #define HAVE_STDLIB_H 1
| #define HAVE_STRING_H 1
| #define HAVE_MEMORY_H 1
| #define HAVE_STRINGS_H 1
| #define HAVE_INTTYPES_H 1
| #define HAVE_STDINT_H 1
| #define HAVE_UNISTD_H 1
| #define SIZEOF_VOID_P 8
| #define LG_SIZEOF_PTR 3
| #define SIZEOF_INT 4
| #define LG_SIZEOF_INT 2
| #define SIZEOF_LONG 8
| #define LG_SIZEOF_LONG 3
| #define SIZEOF_LONG_LONG 8
| #define LG_SIZEOF_LONG_LONG 3
| #define SIZEOF_INTMAX_T 8
| #define LG_SIZEOF_INTMAX_T 3
| #define HAVE_CPU_SPINWAIT 1
| #define CPU_SPINWAIT __asm__ volatile("isb")
| #define LG_VADDR 48
| #define JEMALLOC_USABLE_SIZE_CONST const
| #define JEMALLOC_HAVE_ATTR  
| #define JEMALLOC_HAVE_ATTR_ALLOC_SIZE  
| /* end confdefs.h.  */
| 
| 
| int
| main ()
| {
| 
|     return 0;
| 
|   ;
|   return 0;
| }
configure:9356: result: no
configure:9370: checking whether format(printf, ...) attribute is compilable
configure:9386: cc -o conftest -std=gnu11 -Werror=unknown-warning-option -Wall -Wextra -Wshorten-64-to-32 -Wsign-compare -Wundef -Wno-format-zero-length -Wpointer-arith -Wno-missing-braces -Wno-missing-field-initializers -pipe -g3 -Werror -O0 -ffunction-sections -fdata-sections -fPIC -gdwarf-2 -fno-omit-frame-pointer --target=arm64-apple-macosx -mmacosx-version-min=26.0 -Wall -O0 -ffunction-sections -fdata-sections -fPIC -gdwarf-2 -fno-omit-frame-pointer --target=arm64-apple-macosx -mmacosx-version-min=26.0 -Wall -O0 -ffunction-sections -fdata-sections -fPIC -gdwarf-2 -fno-omit-frame-pointer --target=arm64-apple-macosx -mmacosx-version-min=26.0 -Wall conftest.c  >&5
configure:9386: $? = 0
configure:9394: result: yes
configure:9414: checking whether compiler supports -Werror
configure:9445: cc -c -std=gnu11 -Werror=unknown-warning-option -Wall -Wextra -Wshorten-64-to-32 -Wsign-compare -Wundef -Wno-format-zero-length -Wpointer-arith -Wno-missing-braces -Wno-missing-field-initializers -pipe -g3 -Werror -O0 -ffunction-sections -fdata-sections -fPIC -gdwarf-2 -fno-omit-frame-pointer --target=arm64-apple-macosx -mmacosx-version-min=26.0 -Wall -O0 -ffunction-sections -fdata-sections -fPIC -gdwarf-2 -fno-omit-frame-pointer --target=arm64-apple-macosx -mmacosx-version-min=26.0 -Wall conftest.c >&5
configure:9445: $? = 0
configure:9447: result: yes
configure:9465: checking whether compiler supports -herror_on_warning
configure:9496: cc -c -std=gnu11 -Werror=unknown-warning-option -Wall -Wextra -Wshorten-64-to-32 -Wsign-compare -Wundef -Wno-format-zero-length -Wpointer-arith -Wno-missing-braces -Wno-missing-field-initializers -pipe -g3 -Werror -herror_on_warning -O0 -ffunction-sections -fdata-sections -fPIC -gdwarf-2 -fno-omit-frame-pointer --target=arm64-apple-macosx -mmacosx-version-min=26.0 -Wall -O0 -ffunction-sections -fdata-sections -fPIC -gdwarf-2 -fno-omit-frame-pointer --target=arm64-apple-macosx -mmacosx-version-min=26.0 -Wall conftest.c >&5
clang: error: unknown argument: '-herror_on_warning'
configure:9496: $? = 1
configure: failed program was:
| /* confdefs.h */
| #define PACKAGE_NAME ""
| #define PACKAGE_TARNAME ""
| #define PACKAGE_VERSION ""
| #define PACKAGE_STRING ""
| #define PACKAGE_BUGREPORT ""
| #define PACKAGE_URL ""
| #define JEMALLOC_HAS_RESTRICT
| #define STDC_HEADERS 1
| #define HAVE_SYS_TYPES_H 1
| #define HAVE_SYS_STAT_H 1
| #define HAVE_STDLIB_H 1
| #define HAVE_STRING_H 1
| #define HAVE_MEMORY_H 1
| #define HAVE_STRINGS_H 1
| #define HAVE_INTTYPES_H 1
| #define HAVE_STDINT_H 1
| #define HAVE_UNISTD_H 1
| #define SIZEOF_VOID_P 8
| #define LG_SIZEOF_PTR 3
| #define SIZEOF_INT 4
| #define LG_SIZEOF_INT 2
| #define SIZEOF_LONG 8
| #define LG_SIZEOF_LONG 3
| #define SIZEOF_LONG_LONG 8
| #define LG_SIZEOF_LONG_LONG 3
| #define SIZEOF_INTMAX_T 8
| #define LG_SIZEOF_INTMAX_T 3
| #define HAVE_CPU_SPINWAIT 1
| #define CPU_SPINWAIT __asm__ volatile("isb")
| #define LG_VADDR 48
| #define JEMALLOC_USABLE_SIZE_CONST const
| #define JEMALLOC_HAVE_ATTR  
| #define JEMALLOC_HAVE_ATTR_ALLOC_SIZE  
| #define JEMALLOC_HAVE_ATTR_FORMAT_PRINTF  
| /* end confdefs.h.  */
| 
| 
| int
| main ()
| {
| 
|     return 0;
| 
|   ;
|   return 0;
| }
configure:9502: result: no
configure:9516: checking whether format(printf, ...) attribute is compilable
configure:9532: cc -o conftest -std=gnu11 -Werror=unknown-warning-option -Wall -Wextra -Wshorten-64-to-32 -Wsign-compare -Wundef -Wno-format-zero-length -Wpointer-arith -Wno-missing-braces -Wno-missing-field-initializers -pipe -g3 -Werror -O0 -ffunction-sections -fdata-sections -fPIC -gdwarf-2 -fno-omit-frame-pointer --target=arm64-apple-macosx -mmacosx-version-min=26.0 -Wall -O0 -ffunction-sections -fdata-sections -fPIC -gdwarf-2 -fno-omit-frame-pointer --target=arm64-apple-macosx -mmacosx-version-min=26.0 -Wall -O0 -ffunction-sections -fdata-sections -fPIC -gdwarf-2 -fno-omit-frame-pointer --target=arm64-apple-macosx -mmacosx-version-min=26.0 -Wall conftest.c  >&5
configure:9532: $? = 0
configure:9540: result: yes
configure:9560: checking whether compiler supports -Wimplicit-fallthrough
configure:9591: cc -c -std=gnu11 -Werror=unknown-warning-option -Wall -Wextra -Wshorten-64-to-32 -Wsign-compare -Wundef -Wno-format-zero-length -Wpointer-arith -Wno-missing-braces -Wno-missing-field-initializers -pipe -g3 -Wimplicit-fallthrough -O0 -ffunction-sections -fdata-sections -fPIC -gdwarf-2 -fno-omit-frame-pointer --target=arm64-apple-macosx -mmacosx-version-min=26.0 -Wall -O0 -ffunction-sections -fdata-sections -fPIC -gdwarf-2 -fno-omit-frame-pointer --target=arm64-apple-macosx -mmacosx-version-min=26.0 -Wall conftest.c >&5
configure:9591: $? = 0
configure:9593: result: yes
configure:9611: checking whether fallthrough attribute is compilable
configure:9633: cc -o conftest -std=gnu11 -Werror=unknown-warning-option -Wall -Wextra -Wshorten-64-to-32 -Wsign-compare -Wundef -Wno-format-zero-length -Wpointer-arith -Wno-missing-braces -Wno-missing-field-initializers -pipe -g3 -Wimplicit-fallthrough -O0 -ffunction-sections -fdata-sections -fPIC -gdwarf-2 -fno-omit-frame-pointer --target=arm64-apple-macosx -mmacosx-version-min=26.0 -Wall -O0 -ffunction-sections -fdata-sections -fPIC -gdwarf-2 -fno-omit-frame-pointer --target=arm64-apple-macosx -mmacosx-version-min=26.0 -Wall -O0 -ffunction-sections -fdata-sections -fPIC -gdwarf-2 -fno-omit-frame-pointer --target=arm64-apple-macosx -mmacosx-version-min=26.0 -Wall conftest.c  >&5
configure:9633: $? = 0
configure:9641: result: yes
configure:9657: checking whether compiler supports -Wimplicit-fallthrough
configure:9688: cc -c -std=gnu11 -Werror=unknown-warning-option -Wall -Wextra -Wshorten-64-to-32 -Wsign-compare -Wundef -Wno-format-zero-length -Wpointer-arith -Wno-missing-braces -Wno-missing-field-initializers -pipe -g3 -Wimplicit-fallthrough -O0 -ffunction-sections -fdata-sections -fPIC -gdwarf-2 -fno-omit-frame-pointer --target=arm64-apple-macosx -mmacosx-version-min=26.0 -Wall -O0 -ffunction-sections -fdata-sections -fPIC -gdwarf-2 -fno-omit-frame-pointer --target=arm64-apple-macosx -mmacosx-version-min=26.0 -Wall conftest.c >&5
configure:9688: $? = 0
configure:9690: result: yes
configure:9708: checking whether compiler supports -Wimplicit-fallthrough
configure:9745:  -c -Wimplicit-fallthrough -O0 -ffunction-sections -fdata-sections -fPIC -gdwarf-2 -fno-omit-frame-pointer --target=arm64-apple-macosx -mmacosx-version-min=26.0 -Wall conftest.cpp >&5
/Users/chef/Desktop/dstack/target/debug/build/jemalloc-sys-32814286f3e6b700/out/build/configure: line 1694: -c: command not found
configure:9745: $? = 127
configure: failed program was:
| /* confdefs.h */
| #define PACKAGE_NAME ""
| #define PACKAGE_TARNAME ""
| #define PACKAGE_VERSION ""
| #define PACKAGE_STRING ""
| #define PACKAGE_BUGREPORT ""
| #define PACKAGE_URL ""
| #define JEMALLOC_HAS_RESTRICT
| #define STDC_HEADERS 1
| #define HAVE_SYS_TYPES_H 1
| #define HAVE_SYS_STAT_H 1
| #define HAVE_STDLIB_H 1
| #define HAVE_STRING_H 1
| #define HAVE_MEMORY_H 1
| #define HAVE_STRINGS_H 1
| #define HAVE_INTTYPES_H 1
| #define HAVE_STDINT_H 1
| #define HAVE_UNISTD_H 1
| #define SIZEOF_VOID_P 8
| #define LG_SIZEOF_PTR 3
| #define SIZEOF_INT 4
| #define LG_SIZEOF_INT 2
| #define SIZEOF_LONG 8
| #define LG_SIZEOF_LONG 3
| #define SIZEOF_LONG_LONG 8
| #define LG_SIZEOF_LONG_LONG 3
| #define SIZEOF_INTMAX_T 8
| #define LG_SIZEOF_INTMAX_T 3
| #define HAVE_CPU_SPINWAIT 1
| #define CPU_SPINWAIT __asm__ volatile("isb")
| #define LG_VADDR 48
| #define JEMALLOC_USABLE_SIZE_CONST const
| #define JEMALLOC_HAVE_ATTR  
| #define JEMALLOC_HAVE_ATTR_ALLOC_SIZE  
| #define JEMALLOC_HAVE_ATTR_FORMAT_PRINTF  
| #define JEMALLOC_HAVE_ATTR_FORMAT_ARG  
| #define JEMALLOC_HAVE_ATTR_FALLTHROUGH  
| /* end confdefs.h.  */
| 
| 
| int
| main ()
| {
| 
|     return 0;
| 
|   ;
|   return 0;
| }
configure:9751: result: no
configure:9775: checking whether compiler supports -Werror
configure:9806: cc -c -std=gnu11 -Werror=unknown-warning-option -Wall -Wextra -Wshorten-64-to-32 -Wsign-compare -Wundef -Wno-format-zero-length -Wpointer-arith -Wno-missing-braces -Wno-missing-field-initializers -pipe -g3 -Wimplicit-fallthrough -Werror -O0 -ffunction-sections -fdata-sections -fPIC -gdwarf-2 -fno-omit-frame-pointer --target=arm64-apple-macosx -mmacosx-version-min=26.0 -Wall -O0 -ffunction-sections -fdata-sections -fPIC -gdwarf-2 -fno-omit-frame-pointer --target=arm64-apple-macosx -mmacosx-version-min=26.0 -Wall conftest.c >&5
configure:9806: $? = 0
configure:9808: result: yes
configure:9826: checking whether compiler supports -herror_on_warning
configure:9857: cc -c -std=gnu11 -Werror=unknown-warning-option -Wall -Wextra -Wshorten-64-to-32 -Wsign-compare -Wundef -Wno-format-zero-length -Wpointer-arith -Wno-missing-braces -Wno-missing-field-initializers -pipe -g3 -Wimplicit-fallthrough -Werror -herror_on_warning -O0 -ffunction-sections -fdata-sections -fPIC -gdwarf-2 -fno-omit-frame-pointer --target=arm64-apple-macosx -mmacosx-version-min=26.0 -Wall -O0 -ffunction-sections -fdata-sections -fPIC -gdwarf-2 -fno-omit-frame-pointer --target=arm64-apple-macosx -mmacosx-version-min=26.0 -Wall conftest.c >&5
clang: error: unknown argument: '-herror_on_warning'
configure:9857: $? = 1
configure: failed program was:
| /* confdefs.h */
| #define PACKAGE_NAME ""
| #define PACKAGE_TARNAME ""
| #define PACKAGE_VERSION ""
| #define PACKAGE_STRING ""
| #define PACKAGE_BUGREPORT ""
| #define PACKAGE_URL ""
| #define JEMALLOC_HAS_RESTRICT
| #define STDC_HEADERS 1
| #define HAVE_SYS_TYPES_H 1
| #define HAVE_SYS_STAT_H 1
| #define HAVE_STDLIB_H 1
| #define HAVE_STRING_H 1
| #define HAVE_MEMORY_H 1
| #define HAVE_STRINGS_H 1
| #define HAVE_INTTYPES_H 1
| #define HAVE_STDINT_H 1
| #define HAVE_UNISTD_H 1
| #define SIZEOF_VOID_P 8
| #define LG_SIZEOF_PTR 3
| #define SIZEOF_INT 4
| #define LG_SIZEOF_INT 2
| #define SIZEOF_LONG 8
| #define LG_SIZEOF_LONG 3
| #define SIZEOF_LONG_LONG 8
| #define LG_SIZEOF_LONG_LONG 3
| #define SIZEOF_INTMAX_T 8
| #define LG_SIZEOF_INTMAX_T 3
| #define HAVE_CPU_SPINWAIT 1
| #define CPU_SPINWAIT __asm__ volatile("isb")
| #define LG_VADDR 48
| #define JEMALLOC_USABLE_SIZE_CONST const
| #define JEMALLOC_HAVE_ATTR  
| #define JEMALLOC_HAVE_ATTR_ALLOC_SIZE  
| #define JEMALLOC_HAVE_ATTR_FORMAT_PRINTF  
| #define JEMALLOC_HAVE_ATTR_FORMAT_ARG  
| #define JEMALLOC_HAVE_ATTR_FALLTHROUGH  
| /* end confdefs.h.  */
| 
| 
| int
| main ()
| {
| 
|     return 0;
| 
|   ;
|   return 0;
| }
configure:9863: result: no
configure:9877: checking whether cold attribute is compilable
configure:9893: cc -o conftest -std=gnu11 -Werror=unknown-warning-option -Wall -Wextra -Wshorten-64-to-32 -Wsign-compare -Wundef -Wno-format-zero-length -Wpointer-arith -Wno-missing-braces -Wno-missing-field-initializers -pipe -g3 -Wimplicit-fallthrough -Werror -O0 -ffunction-sections -fdata-sections -fPIC -gdwarf-2 -fno-omit-frame-pointer --target=arm64-apple-macosx -mmacosx-version-min=26.0 -Wall -O0 -ffunction-sections -fdata-sections -fPIC -gdwarf-2 -fno-omit-frame-pointer --target=arm64-apple-macosx -mmacosx-version-min=26.0 -Wall -O0 -ffunction-sections -fdata-sections -fPIC -gdwarf-2 -fno-omit-frame-pointer --target=arm64-apple-macosx -mmacosx-version-min=26.0 -Wall conftest.c  >&5
configure:9893: $? = 0
configure:9901: result: yes
configure:9919: checking whether vm_make_tag is compilable
configure:9938: cc -o conftest -std=gnu11 -Werror=unknown-warning-option -Wall -Wextra -Wshorten-64-to-32 -Wsign-compare -Wundef -Wno-format-zero-length -Wpointer-arith -Wno-missing-braces -Wno-missing-field-initializers -pipe -g3 -Wimplicit-fallthrough -O0 -ffunction-sections -fdata-sections -fPIC -gdwarf-2 -fno-omit-frame-pointer --target=arm64-apple-macosx -mmacosx-version-min=26.0 -Wall -O0 -ffunction-sections -fdata-sections -fPIC -gdwarf-2 -fno-omit-frame-pointer --target=arm64-apple-macosx -mmacosx-version-min=26.0 -Wall -O0 -ffunction-sections -fdata-sections -fPIC -gdwarf-2 -fno-omit-frame-pointer --target=arm64-apple-macosx -mmacosx-version-min=26.0 -Wall conftest.c  >&5
configure:9938: $? = 0
configure:9946: result: yes
configure:9999: checking for a BSD-compatible install
configure:10067: result: /opt/homebrew/bin/ginstall -c
configure:10081: checking for aarch64-apple-darwin-ranlib
configure:10111: result: no
configure:10121: checking for ranlib
configure:10137: found /usr/bin/ranlib
configure:10148: result: ranlib
configure:10172: checking for ld
configure:10190: found /usr/bin/ld
configure:10203: result: /usr/bin/ld
configure:10213: checking for autoconf
configure:10231: found /opt/homebrew/bin/autoconf
configure:10244: result: /opt/homebrew/bin/autoconf
configure:10357: checking for memalign
configure:10357: cc -o conftest -std=gnu11 -Werror=unknown-warning-option -Wall -Wextra -Wshorten-64-to-32 -Wsign-compare -Wundef -Wno-format-zero-length -Wpointer-arith -Wno-missing-braces -Wno-missing-field-initializers -pipe -g3 -Wimplicit-fallthrough -O0 -ffunction-sections -fdata-sections -fPIC -gdwarf-2 -fno-omit-frame-pointer --target=arm64-apple-macosx -mmacosx-version-min=26.0 -Wall -O0 -ffunction-sections -fdata-sections -fPIC -gdwarf-2 -fno-omit-frame-pointer --target=arm64-apple-macosx -mmacosx-version-min=26.0 -Wall -O0 -ffunction-sections -fdata-sections -fPIC -gdwarf-2 -fno-omit-frame-pointer --target=arm64-apple-macosx -mmacosx-version-min=26.0 -Wall conftest.c  >&5
conftest.c:66:6: warning: incompatible redeclaration of library function 'memalign' [-Wincompatible-library-redeclaration]
   66 | char memalign ();
      |      ^
conftest.c:66:6: note: 'memalign' is a builtin with type 'void *(unsigned long, unsigned long)'
1 warning generated.
Undefined symbols for architecture arm64:
  "_memalign", referenced from:
      _main in conftest-1eb19b.o
ld: symbol(s) not found for architecture arm64
clang: error: linker command failed with exit code 1 (use -v to see invocation)
configure:10357: $? = 1
configure: failed program was:
| /* confdefs.h */
| #define PACKAGE_NAME ""
| #define PACKAGE_TARNAME ""
| #define PACKAGE_VERSION ""
| #define PACKAGE_STRING ""
| #define PACKAGE_BUGREPORT ""
| #define PACKAGE_URL ""
| #define JEMALLOC_HAS_RESTRICT
| #define STDC_HEADERS 1
| #define HAVE_SYS_TYPES_H 1
| #define HAVE_SYS_STAT_H 1
| #define HAVE_STDLIB_H 1
| #define HAVE_STRING_H 1
| #define HAVE_MEMORY_H 1
| #define HAVE_STRINGS_H 1
| #define HAVE_INTTYPES_H 1
| #define HAVE_STDINT_H 1
| #define HAVE_UNISTD_H 1
| #define SIZEOF_VOID_P 8
| #define LG_SIZEOF_PTR 3
| #define SIZEOF_INT 4
| #define LG_SIZEOF_INT 2
| #define SIZEOF_LONG 8
| #define LG_SIZEOF_LONG 3
| #define SIZEOF_LONG_LONG 8
| #define LG_SIZEOF_LONG_LONG 3
| #define SIZEOF_INTMAX_T 8
| #define LG_SIZEOF_INTMAX_T 3
| #define HAVE_CPU_SPINWAIT 1
| #define CPU_SPINWAIT __asm__ volatile("isb")
| #define LG_VADDR 48
| #define JEMALLOC_USABLE_SIZE_CONST const
| #define JEMALLOC_HAVE_ATTR  
| #define JEMALLOC_HAVE_ATTR_ALLOC_SIZE  
| #define JEMALLOC_HAVE_ATTR_FORMAT_PRINTF  
| #define JEMALLOC_HAVE_ATTR_FORMAT_ARG  
| #define JEMALLOC_HAVE_ATTR_FALLTHROUGH  
| #define JEMALLOC_HAVE_ATTR_COLD  
| #define JEMALLOC_HAVE_VM_MAKE_TAG  
| #define JEMALLOC_PREFIX "_rjem_"
| #define JEMALLOC_CPREFIX "_RJEM_"
| /* end confdefs.h.  */
| /* Define memalign to an innocuous variant, in case <limits.h> declares memalign.
|    For example, HP-UX 11i <limits.h> declares gettimeofday.  */
| #define memalign innocuous_memalign
| 
| /* System header to define __stub macros and hopefully few prototypes,
|     which can conflict with char memalign (); below.
|     Prefer <limits.h> to <assert.h> if __STDC__ is defined, since
|     <limits.h> exists even on freestanding compilers.  */
| 
| #ifdef __STDC__
| # include <limits.h>
| #else
| # include <assert.h>
| #endif
| 
| #undef memalign
| 
| /* Override any GCC internal prototype to avoid an error.
|    Use char because int might match the return type of a GCC
|    builtin and then its argument prototype would still apply.  */
| #ifdef __cplusplus
| extern "C"
| #endif
| char memalign ();
| /* The GNU C library defines this for functions which it implements
|     to always fail with ENOSYS.  Some functions are actually named
|     something starting with __ and the normal name is an alias.  */
| #if defined __stub_memalign || defined __stub___memalign
| choke me
| #endif
| 
| int
| main ()
| {
| return memalign ();
|   ;
|   return 0;
| }
configure:10357: result: no
configure:10365: checking for valloc
configure:10365: cc -o conftest -std=gnu11 -Werror=unknown-warning-option -Wall -Wextra -Wshorten-64-to-32 -Wsign-compare -Wundef -Wno-format-zero-length -Wpointer-arith -Wno-missing-braces -Wno-missing-field-initializers -pipe -g3 -Wimplicit-fallthrough -O0 -ffunction-sections -fdata-sections -fPIC -gdwarf-2 -fno-omit-frame-pointer --target=arm64-apple-macosx -mmacosx-version-min=26.0 -Wall -O0 -ffunction-sections -fdata-sections -fPIC -gdwarf-2 -fno-omit-frame-pointer --target=arm64-apple-macosx -mmacosx-version-min=26.0 -Wall -O0 -ffunction-sections -fdata-sections -fPIC -gdwarf-2 -fno-omit-frame-pointer --target=arm64-apple-macosx -mmacosx-version-min=26.0 -Wall conftest.c  >&5
configure:10365: $? = 0
configure:10365: result: yes
configure:10373: checking for malloc_size
configure:10373: cc -o conftest -std=gnu11 -Werror=unknown-warning-option -Wall -Wextra -Wshorten-64-to-32 -Wsign-compare -Wundef -Wno-format-zero-length -Wpointer-arith -Wno-missing-braces -Wno-missing-field-initializers -pipe -g3 -Wimplicit-fallthrough -O0 -ffunction-sections -fdata-sections -fPIC -gdwarf-2 -fno-omit-frame-pointer --target=arm64-apple-macosx -mmacosx-version-min=26.0 -Wall -O0 -ffunction-sections -fdata-sections -fPIC -gdwarf-2 -fno-omit-frame-pointer --target=arm64-apple-macosx -mmacosx-version-min=26.0 -Wall -O0 -ffunction-sections -fdata-sections -fPIC -gdwarf-2 -fno-omit-frame-pointer --target=arm64-apple-macosx -mmacosx-version-min=26.0 -Wall conftest.c  >&5

## ---------------- ##
## Cache variables. ##
## ---------------- ##

ac_cv_big_endian=0
ac_cv_build=aarch64-apple-darwin
ac_cv_c_bigendian=no
ac_cv_c_compiler_gnu=yes
ac_cv_env_CCC_set=
ac_cv_env_CCC_value=
ac_cv_env_CC_set=set
ac_cv_env_CC_value=cc
ac_cv_env_CFLAGS_set=set
ac_cv_env_CFLAGS_value='-O0 -ffunction-sections -fdata-sections -fPIC -gdwarf-2 -fno-omit-frame-pointer --target=arm64-apple-macosx -mmacosx-version-min=26.0 -Wall'
ac_cv_env_CPPFLAGS_set=set
ac_cv_env_CPPFLAGS_value='-O0 -ffunction-sections -fdata-sections -fPIC -gdwarf-2 -fno-omit-frame-pointer --target=arm64-apple-macosx -mmacosx-version-min=26.0 -Wall'
ac_cv_env_CPP_set=
ac_cv_env_CPP_value=
ac_cv_env_CXXFLAGS_set=
ac_cv_env_CXXFLAGS_value=
ac_cv_env_CXX_set=
ac_cv_env_CXX_value=
ac_cv_env_LDFLAGS_set=set
ac_cv_env_LDFLAGS_value='-O0 -ffunction-sections -fdata-sections -fPIC -gdwarf-2 -fno-omit-frame-pointer --target=arm64-apple-macosx -mmacosx-version-min=26.0 -Wall'
ac_cv_env_LIBS_set=
ac_cv_env_LIBS_value=
ac_cv_env_build_alias_set=set
ac_cv_env_build_alias_value=aarch64-apple-darwin
ac_cv_env_host_alias_set=set
ac_cv_env_host_alias_value=aarch64-apple-darwin
ac_cv_env_target_alias_set=
ac_cv_env_target_alias_value=
ac_cv_func_memalign=no
ac_cv_func_valloc=yes
ac_cv_header_inttypes_h=yes
ac_cv_header_malloc_h=no
ac_cv_header_memory_h=yes
ac_cv_header_stdc=yes
ac_cv_header_stdint_h=yes
ac_cv_header_stdlib_h=yes
ac_cv_header_string_h=yes
ac_cv_header_strings_h=yes
ac_cv_header_sys_stat_h=yes
ac_cv_header_sys_types_h=yes
ac_cv_header_unistd_h=yes
ac_cv_host=aarch64-apple-darwin
ac_cv_objext=o
ac_cv_path_AUTOCONF=/opt/homebrew/bin/autoconf
ac_cv_path_EGREP='/usr/bin/grep -E'
ac_cv_path_GREP=/usr/bin/grep
ac_cv_path_LD=/usr/bin/ld
ac_cv_path_XSLTPROC=/usr/bin/xsltproc
ac_cv_path_install='/opt/homebrew/bin/ginstall -c'
ac_cv_prog_AWK=gawk
ac_cv_prog_CC=cc
ac_cv_prog_CPP='cc -E'
ac_cv_prog_ac_ct_AR=ar
ac_cv_prog_ac_ct_NM=nm
ac_cv_prog_ac_ct_RANLIB=ranlib
ac_cv_prog_cc_c89=
ac_cv_prog_cc_g=yes
ac_cv_search_log='none required'
ac_cv_sizeof_int=4
ac_cv_sizeof_intmax_t=8
ac_cv_sizeof_long=8
ac_cv_sizeof_long_long=8
ac_cv_sizeof_void_p=8
je_cv_alloc_size=yes
je_cv_attribute=yes
je_cv_cflags_added=
je_cv_cold=yes
je_cv_cray=no
je_cv_cray_prgenv_wrapper=
je_cv_cxxflags_added=
je_cv_fallthrough=yes
je_cv_format_arg=yes
je_cv_format_gnu_printf=no
je_cv_format_printf=yes
je_cv_isb=yes
je_cv_tls_model=yes
je_cv_vm_make_tag=yes

## ----------------- ##
## Output variables. ##
## ----------------- ##

AR='ar'
ARFLAGS='crus'
AROUT=' $@'
AUTOCONF='/opt/homebrew/bin/autoconf'
AWK='gawk'
BINDIR='/Users/chef/Desktop/dstack/target/debug/build/jemalloc-sys-32814286f3e6b700/out/bin'
CC='cc'
CC_MM='1'
CFLAGS='-std=gnu11 -Werror=unknown-warning-option -Wall -Wextra -Wshorten-64-to-32 -Wsign-compare -Wundef -Wno-format-zero-length -Wpointer-arith -Wno-missing-braces -Wno-missing-field-initializers -pipe -g3 -Wimplicit-fallthrough -O0 -ffunction-sections -fdata-sections -fPIC -gdwarf-2 -fno-omit-frame-pointer --target=arm64-apple-macosx -mmacosx-version-min=26.0 -Wall'
CONFIG='--disable-cxx --enable-doc=no --enable-shared=no --with-jemalloc-prefix=_rjem_ --with-private-namespace=_rjem_ --host=aarch64-apple-darwin --build=aarch64-apple-darwin --prefix=/Users/chef/Desktop/dstack/target/debug/build/jemalloc-sys-32814286f3e6b700/out build_alias=aarch64-apple-darwin host_alias=aarch64-apple-darwin CC=cc '\''CFLAGS=-O0 -ffunction-sections -fdata-sections -fPIC -gdwarf-2 -fno-omit-frame-pointer --target=arm64-apple-macosx -mmacosx-version-min=26.0 -Wall'\'' '\''LDFLAGS=-O0 -ffunction-sections -fdata-sections -fPIC -gdwarf-2 -fno-omit-frame-pointer --target=arm64-apple-macosx -mmacosx-version-min=26.0 -Wall'\'' '\''CPPFLAGS=-O0 -ffunction-sections -fdata-sections -fPIC -gdwarf-2 -fno-omit-frame-pointer --target=arm64-apple-macosx -mmacosx-version-min=26.0 -Wall'\'''
CONFIGURE_CFLAGS='-std=gnu11 -Werror=unknown-warning-option -Wall -Wextra -Wshorten-64-to-32 -Wsign-compare -Wundef -Wno-format-zero-length -Wpointer-arith -Wno-missing-braces -Wno-missing-field-initializers -pipe -g3 -Wimplicit-fallthrough'
CONFIGURE_CXXFLAGS=''
CPP='cc -E'
CPPFLAGS='-O0 -ffunction-sections -fdata-sections -fPIC -gdwarf-2 -fno-omit-frame-pointer --target=arm64-apple-macosx -mmacosx-version-min=26.0 -Wall'
CTARGET='-o $@'
CXX=''
CXXFLAGS=''
DATADIR='/Users/chef/Desktop/dstack/target/debug/build/jemalloc-sys-32814286f3e6b700/out/share'
DEFS=''
DSO_LDFLAGS='-shared -Wl,-install_name,$(LIBDIR)/$(@F)'
DUMP_SYMS='nm -a'
ECHO_C='\c'
ECHO_N=''
ECHO_T=''
EGREP='/usr/bin/grep -E'
EXEEXT=''
EXTRA_CFLAGS=''
EXTRA_CXXFLAGS=''
EXTRA_LDFLAGS=''
GREP='/usr/bin/grep'
HAVE_CXX14=''
HAVE_CXX17=''
INCLUDEDIR='/Users/chef/Desktop/dstack/target/debug/build/jemalloc-sys-32814286f3e6b700/out/include'
INSTALL_DATA='${INSTALL} -m 644'
INSTALL_PROGRAM='${INSTALL}'
INSTALL_SCRIPT='${INSTALL}'
JEMALLOC_CPREFIX='_RJEM_'
JEMALLOC_PREFIX='_rjem_'
LD='/usr/bin/ld'
LDFLAGS='-O0 -ffunction-sections -fdata-sections -fPIC -gdwarf-2 -fno-omit-frame-pointer --target=arm64-apple-macosx -mmacosx-version-min=26.0 -Wall'
LDTARGET='-o $@'
LD_PRELOAD_VAR='DYLD_INSERT_LIBRARIES'
LIBDIR='/Users/chef/Desktop/dstack/target/debug/build/jemalloc-sys-32814286f3e6b700/out/lib'
LIBOBJS=''
LIBS=''
LM=''
LTLIBOBJS=''
MANDIR='/Users/chef/Desktop/dstack/target/debug/build/jemalloc-sys-32814286f3e6b700/out/share/man'
MKLIB=''
NM='nm'
OBJEXT='o'
PACKAGE_BUGREPORT=''
PACKAGE_NAME=''
PACKAGE_STRING=''
PACKAGE_TARNAME=''
PACKAGE_URL=''
PACKAGE_VERSION=''
PATH_SEPARATOR=':'
PIC_CFLAGS='-fPIC -DPIC'
PREFIX='/Users/chef/Desktop/dstack/target/debug/build/jemalloc-sys-32814286f3e6b700/out'
RANLIB='ranlib'
RPATH=''
RPATH_EXTRA=''
SHELL='/bin/sh'
SOREV='2.dylib'
SPECIFIED_CFLAGS='-O0 -ffunction-sections -fdata-sections -fPIC -gdwarf-2 -fno-omit-frame-pointer --target=arm64-apple-macosx -mmacosx-version-min=26.0 -Wall'
SPECIFIED_CXXFLAGS=''
TEST_LD_MODE=''
XSLROOT=''
XSLTPROC='/usr/bin/xsltproc'
a='a'
abi='macho'
abs_objroot='/Users/chef/Desktop/dstack/target/debug/build/jemalloc-sys-32814286f3e6b700/out/build/'
abs_srcroot='/Users/chef/Desktop/dstack/target/debug/build/jemalloc-sys-32814286f3e6b700/out/build/'
ac_ct_CC=''
ac_ct_CXX=''
bindir='${exec_prefix}/bin'
build='aarch64-apple-darwin'
build_alias='aarch64-apple-darwin'
build_cpu='aarch64'
build_os='darwin'
build_vendor='apple'
cfghdrs_in=''
cfghdrs_out=''
cfgoutputs_in=''
cfgoutputs_out=''
datadir='${datarootdir}'
datarootdir='${prefix}/share'
docdir='${datarootdir}/doc/${PACKAGE}'
dvidir='${docdir}'
enable_autogen='0'
enable_cache_oblivious=''
enable_cxx='0'
enable_debug=''
enable_doc='0'
enable_experimental_smallocx=''
enable_fill=''
enable_initial_exec_tls=''
enable_lazy_lock=''
enable_log=''
enable_opt_safety_checks=''
enable_opt_size_checks=''
enable_prof=''
enable_readlinkat=''
enable_shared='0'
enable_static='1'
enable_stats=''
enable_tls=''
enable_uaf_detection=''
enable_utrace=''
enable_xmalloc=''
enable_zone_allocator=''
exe=''
exec_prefix='/Users/chef/Desktop/dstack/target/debug/build/jemalloc-sys-32814286f3e6b700/out'
host='aarch64-apple-darwin'
host_alias='aarch64-apple-darwin'
host_cpu='aarch64'
host_os='darwin'
host_vendor='apple'
htmldir='${docdir}'
importlib='dylib'
includedir='${prefix}/include'
infodir='${datarootdir}/info'
install_suffix=''
je_=''
jemalloc_version='5.3.0-0-g54eaed1d8b56b1aa528be3bdd1877e59c56fa90c'
jemalloc_version_bugfix='0'
jemalloc_version_gid='54eaed1d8b56b1aa528be3bdd1877e59c56fa90c'
jemalloc_version_major='5'
jemalloc_version_minor='3'
jemalloc_version_nrev='0'
libdir='${exec_prefix}/lib'
libdl=''
libexecdir='${exec_prefix}/libexec'
libprefix='lib'
link_whole_archive='0'
localedir='${datarootdir}/locale'
localstatedir='${prefix}/var'
mandir='${datarootdir}/man'
o='o'
objroot=''
oldincludedir='/usr/include'
pdfdir='${docdir}'
prefix='/Users/chef/Desktop/dstack/target/debug/build/jemalloc-sys-32814286f3e6b700/out'
private_namespace=''
program_transform_name='s,x,x,'
psdir='${docdir}'
rev='2'
sbindir='${exec_prefix}/sbin'
sharedstatedir='${prefix}/com'
so='dylib'
srcroot=''
sysconfdir='${prefix}/etc'
target_alias=''

## ----------- ##
## confdefs.h. ##
## ----------- ##

/* confdefs.h */
#define PACKAGE_NAME ""
#define PACKAGE_TARNAME ""
#define PACKAGE_VERSION ""
#define PACKAGE_STRING ""
#define PACKAGE_BUGREPORT ""
#define PACKAGE_URL ""
#define JEMALLOC_HAS_RESTRICT
#define STDC_HEADERS 1
#define HAVE_SYS_TYPES_H 1
#define HAVE_SYS_STAT_H 1
#define HAVE_STDLIB_H 1
#define HAVE_STRING_H 1
#define HAVE_MEMORY_H 1
#define HAVE_STRINGS_H 1
#define HAVE_INTTYPES_H 1
#define HAVE_STDINT_H 1
#define HAVE_UNISTD_H 1
#define SIZEOF_VOID_P 8
#define LG_SIZEOF_PTR 3
#define SIZEOF_INT 4
#define LG_SIZEOF_INT 2
#define SIZEOF_LONG 8
#define LG_SIZEOF_LONG 3
#define SIZEOF_LONG_LONG 8
#define LG_SIZEOF_LONG_LONG 3
#define SIZEOF_INTMAX_T 8
#define LG_SIZEOF_INTMAX_T 3
#define HAVE_CPU_SPINWAIT 1
#define CPU_SPINWAIT __asm__ volatile("isb")
#define LG_VADDR 48
#define JEMALLOC_USABLE_SIZE_CONST const
#define JEMALLOC_HAVE_ATTR  
#define JEMALLOC_HAVE_ATTR_ALLOC_SIZE  
#define JEMALLOC_HAVE_ATTR_FORMAT_PRINTF  
#define JEMALLOC_HAVE_ATTR_FORMAT_ARG  
#define JEMALLOC_HAVE_ATTR_FALLTHROUGH  
#define JEMALLOC_HAVE_ATTR_COLD  
#define JEMALLOC_HAVE_VM_MAKE_TAG  
#define JEMALLOC_PREFIX "_rjem_"
#define JEMALLOC_CPREFIX "_RJEM_"
#define JEMALLOC_OVERRIDE_VALLOC  

configure: caught signal 2
configure: exit 1
